[ 2018-01-03T18:52:27+08:00 ] 127.0.0.1 /think/index.php?g=&m=AdminPost&a=add_post
INFO: [ app_begin ] --START--
INFO: Run Behavior\ReadHtmlCacheBehavior [ RunTime:0.000454s ]
INFO: Run Behavior\CheckLangBehavior [ RunTime:0.001001s ]
INFO: Run Common\Behavior\UrldecodeGetBehavior [ RunTime:0.000227s ]
INFO: [ app_begin ] --END-- [ RunTime:0.002263s ]
INFO: [ admin_begin ] --START--
INFO: Run Common\Behavior\AdminDefaultLangBehavior [ RunTime:0.001321s ]
INFO: [ admin_begin ] --END-- [ RunTime:0.001363s ]
SQL: SHOW COLUMNS FROM `tbusers` [ RunTime:0.0038s ]
SQL: SELECT * FROM `tbusers` WHERE `id` = '1' LIMIT 1   [ RunTime:0.0003s ]
SQL: SHOW COLUMNS FROM `tbposts` [ RunTime:0.0033s ]
SQL: SHOW COLUMNS FROM `tbterms` [ RunTime:0.0032s ]
SQL: SHOW COLUMNS FROM `tbterm_relationships` [ RunTime:0.0030s ]
SQL: INSERT INTO `tbposts` (`post_title`,`post_keywords`,`post_source`,`post_excerpt`,`post_date`,`post_status`,`istop`,`recommended`,`post_content`,`post_modified`,`post_author`,`smeta`) VALUES ('11','11','11','11','2018-01-03 18:52:19','1','0','0','<p>11</p>','2018-01-03 18:52:27','1','{\"thumb\":\"\",\"template\":\"\"}') [ RunTime:0.0005s ]
SQL: INSERT INTO `tbterm_relationships` (`term_id`,`object_id`) VALUES ('1','1') [ RunTime:0.0003s ]

[ 2018-01-03T18:52:46+08:00 ] 127.0.0.1 /think/index.php?g=&m=AdminPost&a=edit_post
INFO: [ app_begin ] --START--
INFO: Run Behavior\ReadHtmlCacheBehavior [ RunTime:0.000442s ]
INFO: Run Behavior\CheckLangBehavior [ RunTime:0.001009s ]
INFO: Run Common\Behavior\UrldecodeGetBehavior [ RunTime:0.000244s ]
INFO: [ app_begin ] --END-- [ RunTime:0.002080s ]
INFO: [ admin_begin ] --START--
INFO: Run Common\Behavior\AdminDefaultLangBehavior [ RunTime:0.001399s ]
INFO: [ admin_begin ] --END-- [ RunTime:0.001444s ]
SQL: SHOW COLUMNS FROM `tbusers` [ RunTime:0.0042s ]
SQL: SELECT * FROM `tbusers` WHERE `id` = '1' LIMIT 1   [ RunTime:0.0005s ]
SQL: SHOW COLUMNS FROM `tbposts` [ RunTime:0.0034s ]
SQL: SHOW COLUMNS FROM `tbterms` [ RunTime:0.0031s ]
SQL: SHOW COLUMNS FROM `tbterm_relationships` [ RunTime:0.0032s ]
SQL: DELETE FROM `tbterm_relationships` WHERE `object_id` = 1 AND `term_id` NOT IN ('1') [ RunTime:0.0003s ]
SQL: SELECT COUNT(*) AS tp_count FROM `tbterm_relationships` WHERE `object_id` = 1 AND `term_id` = '1' LIMIT 1   [ RunTime:0.0002s ]
SQL: UPDATE `tbterm_relationships` SET `status`='1' WHERE `object_id` = 1 AND `term_id` = '1' [ RunTime:0.0002s ]
SQL: UPDATE `tbposts` SET `post_title`='11',`post_keywords`='11',`post_source`='11',`post_excerpt`='11',`post_date`='2018-01-03 18:52:19',`post_status`='1',`istop`='0',`recommended`='0',`post_content`='<p>11</p>',`post_modified`='2018-01-03 18:52:46',`smeta`='{\"thumb\":\"\",\"template\":\"article\"}' WHERE `id` = '1' [ RunTime:0.0003s ]

