[ 2018-01-12T10:40:44+08:00 ] 112.64.124.135 /themes/simplebootx/Public/new/js/bootstrap.min.js
ERR: 无法加载控制器:Themes

[ 2018-01-12T10:40:44+08:00 ] 112.64.124.135 /themes/simplebootx/Public/new/js/bootstrap.min.js
ERR: 无法加载控制器:Themes

[ 2018-01-12T10:40:44+08:00 ] 112.64.124.135 /index.php?g=&m=Index&a=getPostList&p=1
INFO: [ app_begin ] --START--
INFO: Run Behavior\ReadHtmlCacheBehavior [ RunTime:0.000382s ]
INFO: Run Behavior\CheckLangBehavior [ RunTime:0.000382s ]
INFO: Run Common\Behavior\UrldecodeGetBehavior [ RunTime:0.000096s ]
INFO: [ app_begin ] --END-- [ RunTime:0.001115s ]
SQL: SHOW COLUMNS FROM `tb_users` [ RunTime:0.0006s ]
SQL: SHOW COLUMNS FROM `tb_posts` [ RunTime:0.0005s ]
SQL: SELECT COUNT(*) AS tp_count FROM `tb_posts` LIMIT 1   [ RunTime:0.0001s ]
SQL: SELECT b.id as pid,a.user_nicename,a.avatar,b.post_like,b.post_img_url,b.recommended,b.post_date FROM tb_users a INNER JOIN tb_posts b on a.id =b.post_author  ORDER BY post_date desc LIMIT 0,16   [ RunTime:0.0001s ]
INFO: [ app_end ] --START--
INFO: Run Behavior\ShowPageTraceBehavior [ RunTime:0.000308s ]
INFO: [ app_end ] --END-- [ RunTime:0.000343s ]

[ 2018-01-12T10:40:44+08:00 ] 112.64.124.135 /index.php?g=&m=Index&a=getRecommended&p=1
INFO: [ app_begin ] --START--
INFO: Run Behavior\ReadHtmlCacheBehavior [ RunTime:0.000317s ]
INFO: Run Behavior\CheckLangBehavior [ RunTime:0.000320s ]
INFO: Run Common\Behavior\UrldecodeGetBehavior [ RunTime:0.000089s ]
INFO: [ app_begin ] --END-- [ RunTime:0.000967s ]
SQL: SHOW COLUMNS FROM `tb_users` [ RunTime:0.0005s ]
SQL: SHOW COLUMNS FROM `tb_posts` [ RunTime:0.0005s ]
SQL: SELECT COUNT(*) AS tp_count FROM `tb_posts` LIMIT 1   [ RunTime:0.0001s ]
SQL: SELECT b.id as pid,a.user_nicename,a.avatar,b.post_like,b.post_img_url,b.recommended,b.post_date FROM tb_users a INNER JOIN tb_posts b on a.id =b.post_author  WHERE ( recommended = 1 ) ORDER BY post_date desc LIMIT 0,16   [ RunTime:0.0001s ]
INFO: [ app_end ] --START--
INFO: Run Behavior\ShowPageTraceBehavior [ RunTime:0.000318s ]
INFO: [ app_end ] --END-- [ RunTime:0.000352s ]

[ 2018-01-12T10:40:53+08:00 ] 112.64.124.135 /themes/simplebootx/Public/new/js/bootstrap.min.js
ERR: 无法加载控制器:Themes

[ 2018-01-12T10:40:53+08:00 ] 112.64.124.135 /themes/simplebootx/Public/new/js/bootstrap.min.js
ERR: 无法加载控制器:Themes

[ 2018-01-12T10:40:53+08:00 ] 112.64.124.135 /index.php?g=&m=Index&a=getPostList&p=1
INFO: [ app_begin ] --START--
INFO: Run Behavior\ReadHtmlCacheBehavior [ RunTime:0.000319s ]
INFO: Run Behavior\CheckLangBehavior [ RunTime:0.000316s ]
INFO: Run Common\Behavior\UrldecodeGetBehavior [ RunTime:0.000120s ]
INFO: [ app_begin ] --END-- [ RunTime:0.001018s ]
SQL: SHOW COLUMNS FROM `tb_users` [ RunTime:0.0006s ]
SQL: SHOW COLUMNS FROM `tb_posts` [ RunTime:0.0005s ]
SQL: SELECT COUNT(*) AS tp_count FROM `tb_posts` LIMIT 1   [ RunTime:0.0001s ]
SQL: SELECT b.id as pid,a.user_nicename,a.avatar,b.post_like,b.post_img_url,b.recommended,b.post_date FROM tb_users a INNER JOIN tb_posts b on a.id =b.post_author  ORDER BY post_date desc LIMIT 0,16   [ RunTime:0.0001s ]
INFO: [ app_end ] --START--
INFO: Run Behavior\ShowPageTraceBehavior [ RunTime:0.000370s ]
INFO: [ app_end ] --END-- [ RunTime:0.000406s ]

[ 2018-01-12T10:40:53+08:00 ] 112.64.124.135 /index.php?g=&m=Index&a=getRecommended&p=1
INFO: [ app_begin ] --START--
INFO: Run Behavior\ReadHtmlCacheBehavior [ RunTime:0.000312s ]
INFO: Run Behavior\CheckLangBehavior [ RunTime:0.000353s ]
INFO: Run Common\Behavior\UrldecodeGetBehavior [ RunTime:0.000126s ]
INFO: [ app_begin ] --END-- [ RunTime:0.001046s ]
SQL: SHOW COLUMNS FROM `tb_users` [ RunTime:0.0005s ]
SQL: SHOW COLUMNS FROM `tb_posts` [ RunTime:0.0005s ]
SQL: SELECT COUNT(*) AS tp_count FROM `tb_posts` LIMIT 1   [ RunTime:0.0001s ]
SQL: SELECT b.id as pid,a.user_nicename,a.avatar,b.post_like,b.post_img_url,b.recommended,b.post_date FROM tb_users a INNER JOIN tb_posts b on a.id =b.post_author  WHERE ( recommended = 1 ) ORDER BY post_date desc LIMIT 0,16   [ RunTime:0.0001s ]
INFO: [ app_end ] --START--
INFO: Run Behavior\ShowPageTraceBehavior [ RunTime:0.000348s ]
INFO: [ app_end ] --END-- [ RunTime:0.000386s ]

[ 2018-01-12T10:41:47+08:00 ] 58.246.221.75 /themes/simplebootx/Public/new/js/bootstrap.min.js
ERR: 无法加载控制器:Themes

[ 2018-01-12T10:41:49+08:00 ] 58.247.212.139 /themes/simplebootx/Public/new/js/bootstrap.min.js
ERR: 无法加载控制器:Themes

