[ 2018-01-16T19:22:01+08:00 ] 112.64.124.135 /themes/simplebootx/Public/new/js/bootstrap.min.js
ERR: 无法加载控制器:Themes

[ 2018-01-16T19:22:01+08:00 ] 112.64.124.135 /themes/simplebootx/Public/new/js/bootstrap.min.js
ERR: 无法加载控制器:Themes

[ 2018-01-16T19:22:01+08:00 ] 112.64.124.135 /index.php?g=&m=Index&a=getPostList&p=1
INFO: [ app_begin ] --START--
INFO: Run Behavior\ReadHtmlCacheBehavior [ RunTime:0.000298s ]
INFO: Run Behavior\CheckLangBehavior [ RunTime:0.000337s ]
INFO: Run Common\Behavior\UrldecodeGetBehavior [ RunTime:0.000090s ]
INFO: [ app_begin ] --END-- [ RunTime:0.000971s ]
SQL: SHOW COLUMNS FROM `tb_users` [ RunTime:0.0006s ]
SQL: SHOW COLUMNS FROM `tb_posts` [ RunTime:0.0006s ]
SQL: SELECT COUNT(*) AS tp_count FROM `tb_posts` LIMIT 1   [ RunTime:0.0001s ]
SQL: SELECT b.id as pid,a.user_nicename,a.avatar,b.post_like,b.post_img_url,b.recommended,b.post_date FROM tb_users a INNER JOIN tb_posts b on a.id =b.post_author  ORDER BY post_date desc LIMIT 0,16   [ RunTime:0.0003s ]
INFO: [ app_end ] --START--
INFO: Run Behavior\ShowPageTraceBehavior [ RunTime:0.000334s ]
INFO: [ app_end ] --END-- [ RunTime:0.000375s ]

[ 2018-01-16T19:22:01+08:00 ] 112.64.124.135 /index.php?g=&m=Index&a=getRecommended&p=1
INFO: [ app_begin ] --START--
INFO: Run Behavior\ReadHtmlCacheBehavior [ RunTime:0.000340s ]
INFO: Run Behavior\CheckLangBehavior [ RunTime:0.000331s ]
INFO: Run Common\Behavior\UrldecodeGetBehavior [ RunTime:0.000099s ]
INFO: [ app_begin ] --END-- [ RunTime:0.001047s ]
SQL: SHOW COLUMNS FROM `tb_users` [ RunTime:0.0006s ]
SQL: SHOW COLUMNS FROM `tb_posts` [ RunTime:0.0004s ]
SQL: SELECT COUNT(*) AS tp_count FROM `tb_posts` LIMIT 1   [ RunTime:0.0001s ]
SQL: SELECT b.id as pid,a.user_nicename,a.avatar,b.post_like,b.post_img_url,b.recommended,b.post_date FROM tb_users a INNER JOIN tb_posts b on a.id =b.post_author  WHERE ( recommended = 1 ) ORDER BY post_date desc LIMIT 0,16   [ RunTime:0.0003s ]
INFO: [ app_end ] --START--
INFO: Run Behavior\ShowPageTraceBehavior [ RunTime:0.000318s ]
INFO: [ app_end ] --END-- [ RunTime:0.000355s ]

[ 2018-01-16T19:23:01+08:00 ] 223.167.152.126 /themes/simplebootx/Public/new/js/bootstrap.min.js
ERR: 无法加载控制器:Themes

