[ 2018-01-24T01:21:14+08:00 ] 140.205.205.23 /
INFO: [ app_init ] --START--
INFO: Run Behavior\BuildLiteBehavior [ RunTime:0.000012s ]
INFO: Run Common\Behavior\InitHookBehavior [ RunTime:0.000973s ]
INFO: [ app_init ] --END-- [ RunTime:0.001292s ]
INFO: [ app_begin ] --START--
INFO: Run Behavior\ReadHtmlCacheBehavior [ RunTime:0.000338s ]
INFO: Run Behavior\CheckLangBehavior [ RunTime:0.000395s ]
INFO: Run Common\Behavior\UrldecodeGetBehavior [ RunTime:0.000088s ]
INFO: [ app_begin ] --END-- [ RunTime:0.000916s ]
SQL: SHOW COLUMNS FROM `tb_options` [ RunTime:0.0006s ]
SQL: SELECT `option_value` FROM `tb_options` WHERE `option_name` = 'cdn_settings' LIMIT 1   [ RunTime:0.0001s ]
INFO: [ view_parse ] --START--
INFO: [ template_filter ] --START--
INFO: Run Behavior\ContentReplaceBehavior [ RunTime:0.000087s ]
INFO: [ template_filter ] --END-- [ RunTime:0.000124s ]
SQL: SHOW COLUMNS FROM `tb_slide_cat` [ RunTime:0.0004s ]
SQL: SELECT * FROM tb_slide_cat a INNER JOIN tb_slide as b on a.cid =b.slide_cid  WHERE ( a.cat_idname='portal_index' and b.slide_status=1 ) ORDER BY listorder ASC LIMIT 0,5   [ RunTime:0.0001s ]
INFO: Run Behavior\ParseTemplateBehavior [ RunTime:0.010696s ]
INFO: [ view_parse ] --END-- [ RunTime:0.010731s ]
INFO: [ view_filter ] --START--
INFO: Run Behavior\WriteHtmlCacheBehavior [ RunTime:0.000105s ]
INFO: Run Common\Behavior\TmplStripSpaceBehavior [ RunTime:0.000089s ]
INFO: [ view_filter ] --END-- [ RunTime:0.000238s ]
INFO: 
INFO: 
INFO: 

[ 2018-01-24T02:28:07+08:00 ] 119.23.139.140 /
INFO: [ app_init ] --START--
INFO: Run Behavior\BuildLiteBehavior [ RunTime:0.000013s ]
INFO: Run Common\Behavior\InitHookBehavior [ RunTime:0.000982s ]
INFO: [ app_init ] --END-- [ RunTime:0.001257s ]
INFO: [ app_begin ] --START--
INFO: Run Behavior\ReadHtmlCacheBehavior [ RunTime:0.000356s ]
INFO: Run Behavior\CheckLangBehavior [ RunTime:0.000455s ]
INFO: Run Common\Behavior\UrldecodeGetBehavior [ RunTime:0.000089s ]
INFO: [ app_begin ] --END-- [ RunTime:0.000994s ]
SQL: SHOW COLUMNS FROM `tb_options` [ RunTime:0.0006s ]
SQL: SELECT `option_value` FROM `tb_options` WHERE `option_name` = 'cdn_settings' LIMIT 1   [ RunTime:0.0001s ]
INFO: [ view_parse ] --START--
INFO: [ template_filter ] --START--
INFO: Run Behavior\ContentReplaceBehavior [ RunTime:0.000104s ]
INFO: [ template_filter ] --END-- [ RunTime:0.000152s ]
SQL: SHOW COLUMNS FROM `tb_slide_cat` [ RunTime:0.0006s ]
SQL: SELECT * FROM tb_slide_cat a INNER JOIN tb_slide as b on a.cid =b.slide_cid  WHERE ( a.cat_idname='portal_index' and b.slide_status=1 ) ORDER BY listorder ASC LIMIT 0,5   [ RunTime:0.0001s ]
INFO: Run Behavior\ParseTemplateBehavior [ RunTime:0.011108s ]
INFO: [ view_parse ] --END-- [ RunTime:0.011147s ]
INFO: [ view_filter ] --START--
INFO: Run Behavior\WriteHtmlCacheBehavior [ RunTime:0.000141s ]
INFO: Run Common\Behavior\TmplStripSpaceBehavior [ RunTime:0.000141s ]
INFO: [ view_filter ] --END-- [ RunTime:0.000345s ]
INFO: [ app_end ] --START--
INFO: Run Behavior\ShowPageTraceBehavior [ RunTime:0.000417s ]
INFO: [ app_end ] --END-- [ RunTime:0.000459s ]

[ 2018-01-24T03:10:34+08:00 ] 149.202.92.198 /.ftpconfig
INFO: [ app_init ] --START--
INFO: Run Behavior\BuildLiteBehavior [ RunTime:0.000017s ]
INFO: Run Common\Behavior\InitHookBehavior [ RunTime:0.000878s ]
INFO: [ app_init ] --END-- [ RunTime:0.001223s ]
INFO: [ app_begin ] --START--
INFO: Run Behavior\ReadHtmlCacheBehavior [ RunTime:0.000335s ]
INFO: Run Behavior\CheckLangBehavior [ RunTime:0.000317s ]
INFO: Run Common\Behavior\UrldecodeGetBehavior [ RunTime:0.000097s ]
INFO: [ app_begin ] --END-- [ RunTime:0.000839s ]
SQL: SHOW COLUMNS FROM `tb_options` [ RunTime:0.0006s ]
SQL: SELECT `option_value` FROM `tb_options` WHERE `option_name` = 'cdn_settings' LIMIT 1   [ RunTime:0.0001s ]
INFO: [ view_parse ] --START--
INFO: [ template_filter ] --START--
INFO: Run Behavior\ContentReplaceBehavior [ RunTime:0.000084s ]
INFO: [ template_filter ] --END-- [ RunTime:0.000121s ]
SQL: SHOW COLUMNS FROM `tb_slide_cat` [ RunTime:0.0004s ]
SQL: SELECT * FROM tb_slide_cat a INNER JOIN tb_slide as b on a.cid =b.slide_cid  WHERE ( a.cat_idname='portal_index' and b.slide_status=1 ) ORDER BY listorder ASC LIMIT 0,5   [ RunTime:0.0001s ]
INFO: Run Behavior\ParseTemplateBehavior [ RunTime:0.009818s ]
INFO: [ view_parse ] --END-- [ RunTime:0.009860s ]
INFO: [ view_filter ] --START--
INFO: Run Behavior\WriteHtmlCacheBehavior [ RunTime:0.000133s ]
INFO: Run Common\Behavior\TmplStripSpaceBehavior [ RunTime:0.000093s ]
INFO: [ view_filter ] --END-- [ RunTime:0.000271s ]
INFO: [ app_end ] --START--
INFO: Run Behavior\ShowPageTraceBehavior [ RunTime:0.000334s ]
INFO: [ app_end ] --END-- [ RunTime:0.000374s ]

[ 2018-01-24T03:10:37+08:00 ] 149.202.92.198 /.remote-sync.json
INFO: [ app_init ] --START--
INFO: Run Behavior\BuildLiteBehavior [ RunTime:0.000012s ]
INFO: Run Common\Behavior\InitHookBehavior [ RunTime:0.000901s ]
INFO: [ app_init ] --END-- [ RunTime:0.001165s ]
INFO: [ app_begin ] --START--
INFO: Run Behavior\ReadHtmlCacheBehavior [ RunTime:0.000363s ]
INFO: Run Behavior\CheckLangBehavior [ RunTime:0.000378s ]
INFO: Run Common\Behavior\UrldecodeGetBehavior [ RunTime:0.000083s ]
INFO: [ app_begin ] --END-- [ RunTime:0.000914s ]
ERR: 无法加载控制器:.remote-sync

[ 2018-01-24T03:10:39+08:00 ] 149.202.92.198 /.vscode/ftp-sync.json
INFO: [ app_init ] --START--
INFO: Run Behavior\BuildLiteBehavior [ RunTime:0.000017s ]
INFO: Run Common\Behavior\InitHookBehavior [ RunTime:0.000860s ]
INFO: [ app_init ] --END-- [ RunTime:0.001230s ]
INFO: [ app_begin ] --START--
INFO: Run Behavior\ReadHtmlCacheBehavior [ RunTime:0.000324s ]
INFO: Run Behavior\CheckLangBehavior [ RunTime:0.000312s ]
INFO: Run Common\Behavior\UrldecodeGetBehavior [ RunTime:0.000100s ]
INFO: [ app_begin ] --END-- [ RunTime:0.000817s ]
ERR: 无法加载控制器:.vscode

[ 2018-01-24T03:10:40+08:00 ] 149.202.92.198 /sftp-config.json
INFO: [ app_init ] --START--
INFO: Run Behavior\BuildLiteBehavior [ RunTime:0.000012s ]
INFO: Run Common\Behavior\InitHookBehavior [ RunTime:0.000884s ]
INFO: [ app_init ] --END-- [ RunTime:0.001141s ]
INFO: [ app_begin ] --START--
INFO: Run Behavior\ReadHtmlCacheBehavior [ RunTime:0.000334s ]
INFO: Run Behavior\CheckLangBehavior [ RunTime:0.000378s ]
INFO: Run Common\Behavior\UrldecodeGetBehavior [ RunTime:0.000093s ]
INFO: [ app_begin ] --END-- [ RunTime:0.000891s ]
ERR: 无法加载控制器:Sftp-config

[ 2018-01-24T03:10:42+08:00 ] 149.202.92.198 /deployment-config.json
INFO: [ app_init ] --START--
INFO: Run Behavior\BuildLiteBehavior [ RunTime:0.000013s ]
INFO: Run Common\Behavior\InitHookBehavior [ RunTime:0.000750s ]
INFO: [ app_init ] --END-- [ RunTime:0.001130s ]
INFO: [ app_begin ] --START--
INFO: Run Behavior\ReadHtmlCacheBehavior [ RunTime:0.000313s ]
INFO: Run Behavior\CheckLangBehavior [ RunTime:0.000467s ]
INFO: Run Common\Behavior\UrldecodeGetBehavior [ RunTime:0.000091s ]
INFO: [ app_begin ] --END-- [ RunTime:0.000958s ]
ERR: 无法加载控制器:Deployment-config

[ 2018-01-24T09:31:53+08:00 ] 36.63.95.30 /index.php/Portal/Gather/plugin
INFO: [ app_init ] --START--
INFO: Run Behavior\BuildLiteBehavior [ RunTime:0.000017s ]
INFO: Run Common\Behavior\InitHookBehavior [ RunTime:0.001162s ]
INFO: [ app_init ] --END-- [ RunTime:0.001517s ]
INFO: [ app_begin ] --START--
INFO: Run Behavior\ReadHtmlCacheBehavior [ RunTime:0.000369s ]
INFO: Run Behavior\CheckLangBehavior [ RunTime:0.000565s ]
INFO: Run Common\Behavior\UrldecodeGetBehavior [ RunTime:0.000140s ]
INFO: [ app_begin ] --END-- [ RunTime:0.001201s ]
SQL: SHOW COLUMNS FROM `tb_options` [ RunTime:0.0005s ]
SQL: SELECT `option_value` FROM `tb_options` WHERE `option_name` = 'cdn_settings' LIMIT 1   [ RunTime:0.0001s ]
INFO: [ view_parse ] --START--
INFO: [ template_filter ] --START--
INFO: Run Behavior\ContentReplaceBehavior [ RunTime:0.000105s ]
INFO: [ template_filter ] --END-- [ RunTime:0.000163s ]
INFO: Run Behavior\ParseTemplateBehavior [ RunTime:0.009231s ]
INFO: [ view_parse ] --END-- [ RunTime:0.009274s ]
INFO: [ view_filter ] --START--
INFO: Run Behavior\WriteHtmlCacheBehavior [ RunTime:0.000118s ]
INFO: Run Common\Behavior\TmplStripSpaceBehavior [ RunTime:0.000126s ]
INFO: [ view_filter ] --END-- [ RunTime:0.000305s ]
INFO: [ app_end ] --START--
INFO: Run Behavior\ShowPageTraceBehavior [ RunTime:0.000389s ]
INFO: [ app_end ] --END-- [ RunTime:0.000427s ]

[ 2018-01-24T09:31:54+08:00 ] 36.63.95.30 /index.php/Portal/Gather/image/closeMenu.png
INFO: [ app_init ] --START--
INFO: Run Behavior\BuildLiteBehavior [ RunTime:0.000012s ]
INFO: Run Common\Behavior\InitHookBehavior [ RunTime:0.000761s ]
INFO: [ app_init ] --END-- [ RunTime:0.001009s ]

[ 2018-01-24T09:31:54+08:00 ] 36.63.95.30 /index.php/Portal/Gather/image/menu.png
INFO: [ app_init ] --START--
INFO: Run Behavior\BuildLiteBehavior [ RunTime:0.000012s ]
INFO: Run Common\Behavior\InitHookBehavior [ RunTime:0.000762s ]
INFO: [ app_init ] --END-- [ RunTime:0.001037s ]

[ 2018-01-24T09:31:55+08:00 ] 36.63.95.30 /index.php/Portal/Gather/favicon.ico
INFO: [ app_init ] --START--
INFO: Run Behavior\BuildLiteBehavior [ RunTime:0.000012s ]
INFO: Run Common\Behavior\InitHookBehavior [ RunTime:0.000755s ]
INFO: [ app_init ] --END-- [ RunTime:0.001021s ]

[ 2018-01-24T11:09:27+08:00 ] 36.63.93.67 /index.php/Portal/Gather/index/?media=http%3A%2F%2Fwww.oulanzhi.com%2Findex.php%3Fg%3D%26m%3DIndex%26a%3DimgCollect%26id%3D186&w=259&h=313&description=%E6%AC%A7%E5%85%B0%E8%8A%9D&url=http%3A%2F%2Fwww.oulanzhi.com%2Findex.php%3Fg%3D%26m%3DArticle%26a%3Dposts%26pid%3D186&via=2&
INFO: [ app_init ] --START--
INFO: Run Behavior\BuildLiteBehavior [ RunTime:0.000015s ]
INFO: Run Common\Behavior\InitHookBehavior [ RunTime:0.000771s ]
INFO: [ app_init ] --END-- [ RunTime:0.001029s ]
INFO: [ app_begin ] --START--
INFO: Run Behavior\ReadHtmlCacheBehavior [ RunTime:0.000336s ]
INFO: Run Behavior\CheckLangBehavior [ RunTime:0.000351s ]
INFO: Run Common\Behavior\UrldecodeGetBehavior [ RunTime:0.000096s ]
INFO: [ app_begin ] --END-- [ RunTime:0.000859s ]
INFO: [ app_end ] --START--
INFO: Run Behavior\ShowPageTraceBehavior [ RunTime:0.000323s ]
INFO: [ app_end ] --END-- [ RunTime:0.000362s ]

[ 2018-01-24T11:09:28+08:00 ] 36.63.93.67 /favicon.ico
INFO: [ app_init ] --START--
INFO: Run Behavior\BuildLiteBehavior [ RunTime:0.000014s ]
INFO: Run Common\Behavior\InitHookBehavior [ RunTime:0.000825s ]
INFO: [ app_init ] --END-- [ RunTime:0.001086s ]

[ 2018-01-24T17:22:11+08:00 ] 112.64.124.135 /index.php/Portal/Gather/plugin
INFO: [ app_init ] --START--
INFO: Run Behavior\BuildLiteBehavior [ RunTime:0.000013s ]
INFO: Run Common\Behavior\InitHookBehavior [ RunTime:0.000834s ]
INFO: [ app_init ] --END-- [ RunTime:0.001097s ]
INFO: [ app_begin ] --START--
INFO: Run Behavior\ReadHtmlCacheBehavior [ RunTime:0.000343s ]
INFO: Run Behavior\CheckLangBehavior [ RunTime:0.000365s ]
INFO: Run Common\Behavior\UrldecodeGetBehavior [ RunTime:0.000086s ]
INFO: [ app_begin ] --END-- [ RunTime:0.000887s ]
SQL: SHOW COLUMNS FROM `tb_options` [ RunTime:0.0005s ]
SQL: SELECT `option_value` FROM `tb_options` WHERE `option_name` = 'cdn_settings' LIMIT 1   [ RunTime:0.0001s ]
INFO: [ view_parse ] --START--
INFO: [ template_filter ] --START--
INFO: Run Behavior\ContentReplaceBehavior [ RunTime:0.000106s ]
INFO: [ template_filter ] --END-- [ RunTime:0.000144s ]
INFO: Run Behavior\ParseTemplateBehavior [ RunTime:0.008103s ]
INFO: [ view_parse ] --END-- [ RunTime:0.008134s ]
INFO: [ view_filter ] --START--
INFO: Run Behavior\WriteHtmlCacheBehavior [ RunTime:0.000094s ]
INFO: Run Common\Behavior\TmplStripSpaceBehavior [ RunTime:0.000086s ]
INFO: [ view_filter ] --END-- [ RunTime:0.000235s ]
INFO: [ app_end ] --START--
INFO: Run Behavior\ShowPageTraceBehavior [ RunTime:0.000326s ]
INFO: [ app_end ] --END-- [ RunTime:0.000361s ]

[ 2018-01-24T17:22:11+08:00 ] 112.64.124.135 /index.php/Portal/Gather/image/menu.png
INFO: [ app_init ] --START--
INFO: Run Behavior\BuildLiteBehavior [ RunTime:0.000013s ]
INFO: Run Common\Behavior\InitHookBehavior [ RunTime:0.000825s ]
INFO: [ app_init ] --END-- [ RunTime:0.001085s ]

[ 2018-01-24T17:22:11+08:00 ] 112.64.124.135 /index.php/Portal/Gather/image/closeMenu.png
INFO: [ app_init ] --START--
INFO: Run Behavior\BuildLiteBehavior [ RunTime:0.000011s ]
INFO: Run Common\Behavior\InitHookBehavior [ RunTime:0.000784s ]
INFO: [ app_init ] --END-- [ RunTime:0.001071s ]

[ 2018-01-24T17:22:13+08:00 ] 112.64.124.135 /index.php/Portal/Gather/favicon.ico
INFO: [ app_init ] --START--
INFO: Run Behavior\BuildLiteBehavior [ RunTime:0.000013s ]
INFO: Run Common\Behavior\InitHookBehavior [ RunTime:0.000746s ]
INFO: [ app_init ] --END-- [ RunTime:0.001021s ]

[ 2018-01-24T17:22:28+08:00 ] 112.64.124.135 /index.php/Portal/Gather/plugin
INFO: [ app_init ] --START--
INFO: Run Behavior\BuildLiteBehavior [ RunTime:0.000015s ]
INFO: Run Common\Behavior\InitHookBehavior [ RunTime:0.000897s ]
INFO: [ app_init ] --END-- [ RunTime:0.001224s ]
INFO: [ app_begin ] --START--
INFO: Run Behavior\ReadHtmlCacheBehavior [ RunTime:0.000348s ]
INFO: Run Behavior\CheckLangBehavior [ RunTime:0.000383s ]
INFO: Run Common\Behavior\UrldecodeGetBehavior [ RunTime:0.000092s ]
INFO: [ app_begin ] --END-- [ RunTime:0.000909s ]
SQL: SHOW COLUMNS FROM `tb_options` [ RunTime:0.0005s ]
SQL: SELECT `option_value` FROM `tb_options` WHERE `option_name` = 'cdn_settings' LIMIT 1   [ RunTime:0.0001s ]
INFO: [ view_parse ] --START--
INFO: [ template_filter ] --START--
INFO: Run Behavior\ContentReplaceBehavior [ RunTime:0.000108s ]
INFO: [ template_filter ] --END-- [ RunTime:0.000158s ]
INFO: Run Behavior\ParseTemplateBehavior [ RunTime:0.009249s ]
INFO: [ view_parse ] --END-- [ RunTime:0.009286s ]
INFO: [ view_filter ] --START--
INFO: Run Behavior\WriteHtmlCacheBehavior [ RunTime:0.000110s ]
INFO: Run Common\Behavior\TmplStripSpaceBehavior [ RunTime:0.000097s ]
INFO: [ view_filter ] --END-- [ RunTime:0.000251s ]
INFO: [ app_end ] --START--
INFO: Run Behavior\ShowPageTraceBehavior [ RunTime:0.000430s ]
INFO: [ app_end ] --END-- [ RunTime:0.000466s ]

[ 2018-01-24T17:22:28+08:00 ] 112.64.124.135 /index.php/Portal/Gather/favicon.ico
INFO: [ app_init ] --START--
INFO: Run Behavior\BuildLiteBehavior [ RunTime:0.000026s ]
INFO: Run Common\Behavior\InitHookBehavior [ RunTime:0.000754s ]
INFO: [ app_init ] --END-- [ RunTime:0.001035s ]

[ 2018-01-24T17:22:28+08:00 ] 112.64.124.135 /favicon.ico
INFO: [ app_init ] --START--
INFO: Run Behavior\BuildLiteBehavior [ RunTime:0.000025s ]
INFO: Run Common\Behavior\InitHookBehavior [ RunTime:0.000746s ]
INFO: [ app_init ] --END-- [ RunTime:0.001011s ]

[ 2018-01-24T17:22:48+08:00 ] 112.64.124.135 /index.php/Portal/Gather/plugin
INFO: [ app_init ] --START--
INFO: Run Behavior\BuildLiteBehavior [ RunTime:0.000015s ]
INFO: Run Common\Behavior\InitHookBehavior [ RunTime:0.000802s ]
INFO: [ app_init ] --END-- [ RunTime:0.001100s ]
INFO: [ app_begin ] --START--
INFO: Run Behavior\ReadHtmlCacheBehavior [ RunTime:0.000309s ]
INFO: Run Behavior\CheckLangBehavior [ RunTime:0.000335s ]
INFO: Run Common\Behavior\UrldecodeGetBehavior [ RunTime:0.000088s ]
INFO: [ app_begin ] --END-- [ RunTime:0.000822s ]
SQL: SHOW COLUMNS FROM `tb_options` [ RunTime:0.0006s ]
SQL: SELECT `option_value` FROM `tb_options` WHERE `option_name` = 'cdn_settings' LIMIT 1   [ RunTime:0.0001s ]
INFO: [ view_parse ] --START--
INFO: [ template_filter ] --START--
INFO: Run Behavior\ContentReplaceBehavior [ RunTime:0.000105s ]
INFO: [ template_filter ] --END-- [ RunTime:0.000167s ]
INFO: Run Behavior\ParseTemplateBehavior [ RunTime:0.010561s ]
INFO: [ view_parse ] --END-- [ RunTime:0.010617s ]
INFO: [ view_filter ] --START--
INFO: Run Behavior\WriteHtmlCacheBehavior [ RunTime:0.000129s ]
INFO: Run Common\Behavior\TmplStripSpaceBehavior [ RunTime:0.000098s ]
INFO: [ view_filter ] --END-- [ RunTime:0.000276s ]
INFO: [ app_end ] --START--
INFO: Run Behavior\ShowPageTraceBehavior [ RunTime:0.000391s ]
INFO: [ app_end ] --END-- [ RunTime:0.000428s ]

[ 2018-01-24T17:22:48+08:00 ] 112.64.124.135 /index.php/Portal/Gather/image/menu.png
INFO: [ app_init ] --START--
INFO: Run Behavior\BuildLiteBehavior [ RunTime:0.000013s ]
INFO: Run Common\Behavior\InitHookBehavior [ RunTime:0.000759s ]
INFO: [ app_init ] --END-- [ RunTime:0.001009s ]

[ 2018-01-24T17:22:48+08:00 ] 112.64.124.135 /index.php/Portal/Gather/image/closeMenu.png
INFO: [ app_init ] --START--
INFO: Run Behavior\BuildLiteBehavior [ RunTime:0.000013s ]
INFO: Run Common\Behavior\InitHookBehavior [ RunTime:0.000787s ]
INFO: [ app_init ] --END-- [ RunTime:0.001058s ]

[ 2018-01-24T17:22:49+08:00 ] 112.64.124.135 /themes/simplebootx/Public/new/css/iconfont.eot?t=1514432811196
INFO: [ app_init ] --START--
INFO: Run Behavior\BuildLiteBehavior [ RunTime:0.000013s ]
INFO: Run Common\Behavior\InitHookBehavior [ RunTime:0.000745s ]
INFO: [ app_init ] --END-- [ RunTime:0.001009s ]
INFO: [ app_begin ] --START--
INFO: Run Behavior\ReadHtmlCacheBehavior [ RunTime:0.000306s ]
INFO: Run Behavior\CheckLangBehavior [ RunTime:0.000344s ]
INFO: Run Common\Behavior\UrldecodeGetBehavior [ RunTime:0.000092s ]
INFO: [ app_begin ] --END-- [ RunTime:0.000822s ]
ERR: 无法加载控制器:Themes

[ 2018-01-24T17:22:49+08:00 ] 112.64.124.135 /themes/simplebootx/Public/new/css/iconfont.eot?t=1516591191100
INFO: [ app_init ] --START--
INFO: Run Behavior\BuildLiteBehavior [ RunTime:0.000013s ]
INFO: Run Common\Behavior\InitHookBehavior [ RunTime:0.000866s ]
INFO: [ app_init ] --END-- [ RunTime:0.001139s ]
INFO: [ app_begin ] --START--
INFO: Run Behavior\ReadHtmlCacheBehavior [ RunTime:0.000396s ]
INFO: Run Behavior\CheckLangBehavior [ RunTime:0.000320s ]
INFO: Run Common\Behavior\UrldecodeGetBehavior [ RunTime:0.000089s ]
INFO: [ app_begin ] --END-- [ RunTime:0.000895s ]
ERR: 无法加载控制器:Themes

[ 2018-01-24T17:22:49+08:00 ] 112.64.124.135 /themes/simplebootx/Public/new/css/iconfont.eot?t=1515394868617
INFO: [ app_init ] --START--
INFO: Run Behavior\BuildLiteBehavior [ RunTime:0.000012s ]
INFO: Run Common\Behavior\InitHookBehavior [ RunTime:0.000778s ]
INFO: [ app_init ] --END-- [ RunTime:0.001034s ]
INFO: [ app_begin ] --START--
INFO: Run Behavior\ReadHtmlCacheBehavior [ RunTime:0.000334s ]
INFO: Run Behavior\CheckLangBehavior [ RunTime:0.000322s ]
INFO: Run Common\Behavior\UrldecodeGetBehavior [ RunTime:0.000091s ]
INFO: [ app_begin ] --END-- [ RunTime:0.000824s ]
ERR: 无法加载控制器:Themes

[ 2018-01-24T17:22:51+08:00 ] 112.64.124.135 /index.php/Portal/Gather/favicon.ico
INFO: [ app_init ] --START--
INFO: Run Behavior\BuildLiteBehavior [ RunTime:0.000014s ]
INFO: Run Common\Behavior\InitHookBehavior [ RunTime:0.000766s ]
INFO: [ app_init ] --END-- [ RunTime:0.001020s ]

[ 2018-01-24T17:22:51+08:00 ] 112.64.124.135 /favicon.ico
INFO: [ app_init ] --START--
INFO: Run Behavior\BuildLiteBehavior [ RunTime:0.000014s ]
INFO: Run Common\Behavior\InitHookBehavior [ RunTime:0.000751s ]
INFO: [ app_init ] --END-- [ RunTime:0.001015s ]

[ 2018-01-24T17:25:11+08:00 ] 112.64.124.135 /index.php/Portal/Gather/index/?media=http%3A%2F%2Fg1.dfcfw.com%2Fg3%2F201801%2F20180122151534.jpg&w=1000&h=450&description=%E4%B8%9C%E6%96%B9%E8%B4%A2%E5%AF%8C%E7%BD%91%EF%BC%9A%E4%B8%AD%E5%9B%BD%E8%B4%A2%E7%BB%8F%E9%97%A8%E6%88%B7%EF%BC%8C%E6%8F%90%E4%BE%9B%E4%B8%93%E4%B8%9A%E7%9A%84%E8%B4%A2%E7%BB%8F%E3%80%81%E8%82%A1%E7%A5%A8%E3%80%81%E8%A1%8C%E6%83%85%E3%80%81%E8%AF%81%E5%88%B8%E3%80%81%E5%9F%BA%E9%87%91%E3%80%81%E7%90%86%E8%B4%A2%E3%80%81%E9%93%B6%E8%A1%8C%E3%80%81%E4%BF%9D%E9%99%A9%E3%80%81%E4%BF%A1%E6%89%98%E3%80%81%E6%9C%9F%E8%B4%A7%E3%80%81%E9%BB%84%E9%87%91%E3%80%81%E8%82%A1%E5%90%A7%E3%80%81%E5%8D%9A%E5%AE%A2%E7%AD%89%E5%90%84%E7%B1%BB%E8%B4%A2%E7%BB%8F%E8%B5%84%E8%AE%AF%E5%8F%8A%E6%95%B0%E6%8D%AE&url=http%3A%2F%2Fsame.eastmoney.com%2Fc%3Fz%3Deastmoney%26la%3D0%26si%3D1%26cg%3D97%26c%3D1346%26ci%3D1%26or%3D47%26l%3D13778%26bg%3D13778%26b%3D16260%26u%3Dhttps%3A%2F%2Fregister.1234567.com.cn%2Freg%2Fstep1%3Fspm%3D100015.b.101&via=2&
INFO: [ app_init ] --START--
INFO: Run Behavior\BuildLiteBehavior [ RunTime:0.000013s ]
INFO: Run Common\Behavior\InitHookBehavior [ RunTime:0.000741s ]
INFO: [ app_init ] --END-- [ RunTime:0.001023s ]
INFO: [ app_begin ] --START--
INFO: Run Behavior\ReadHtmlCacheBehavior [ RunTime:0.000307s ]
INFO: Run Behavior\CheckLangBehavior [ RunTime:0.000385s ]
INFO: Run Common\Behavior\UrldecodeGetBehavior [ RunTime:0.000098s ]
INFO: [ app_begin ] --END-- [ RunTime:0.000876s ]
INFO: [ app_end ] --START--
INFO: Run Behavior\ShowPageTraceBehavior [ RunTime:0.000335s ]
INFO: [ app_end ] --END-- [ RunTime:0.000375s ]

[ 2018-01-24T17:25:55+08:00 ] 112.64.124.135 /index.php/Portal/Gather/index/?media=http://g1.dfcfw.com/g3/201801/20180122151534.jpg
INFO: [ app_init ] --START--
INFO: Run Behavior\BuildLiteBehavior [ RunTime:0.000022s ]
INFO: Run Common\Behavior\InitHookBehavior [ RunTime:0.001274s ]
INFO: [ app_init ] --END-- [ RunTime:0.001692s ]
INFO: [ app_begin ] --START--
INFO: Run Behavior\ReadHtmlCacheBehavior [ RunTime:0.000661s ]
INFO: Run Behavior\CheckLangBehavior [ RunTime:0.000549s ]
INFO: Run Common\Behavior\UrldecodeGetBehavior [ RunTime:0.000157s ]
INFO: [ app_begin ] --END-- [ RunTime:0.001491s ]
SQL: SHOW COLUMNS FROM `tb_huaban` [ RunTime:0.0007s ]
SQL: SELECT * FROM `tb_huaban` WHERE `hb_u_id` = 5 ORDER BY hb_id desc  [ RunTime:0.0002s ]
NOTIC: [8] Undefined index: url /www/web/hb_pro_youzewang_com/public_html/application/Portal/Controller/GatherController.class.php 第 45 行.
NOTIC: [8] Undefined index: description /www/web/hb_pro_youzewang_com/public_html/application/Portal/Controller/GatherController.class.php 第 46 行.
SQL: SHOW COLUMNS FROM `tb_options` [ RunTime:0.0004s ]
SQL: SELECT `option_value` FROM `tb_options` WHERE `option_name` = 'cdn_settings' LIMIT 1   [ RunTime:0.0001s ]
INFO: [ view_parse ] --START--
INFO: [ template_filter ] --START--
INFO: Run Behavior\ContentReplaceBehavior [ RunTime:0.000073s ]
INFO: [ template_filter ] --END-- [ RunTime:0.000117s ]
INFO: Run Behavior\ParseTemplateBehavior [ RunTime:0.008805s ]
INFO: [ view_parse ] --END-- [ RunTime:0.008870s ]
INFO: [ view_filter ] --START--
INFO: Run Behavior\WriteHtmlCacheBehavior [ RunTime:0.000115s ]
INFO: Run Common\Behavior\TmplStripSpaceBehavior [ RunTime:0.000105s ]
INFO: [ view_filter ] --END-- [ RunTime:0.000263s ]
INFO: [ app_end ] --START--
INFO: Run Behavior\ShowPageTraceBehavior [ RunTime:0.000339s ]
INFO: [ app_end ] --END-- [ RunTime:0.000378s ]

[ 2018-01-24T17:26:00+08:00 ] 112.64.124.135 /index.php/Portal/Gather/addCaiji
INFO: [ app_init ] --START--
INFO: Run Behavior\BuildLiteBehavior [ RunTime:0.000038s ]
INFO: Run Common\Behavior\InitHookBehavior [ RunTime:0.000843s ]
INFO: [ app_init ] --END-- [ RunTime:0.001130s ]
INFO: [ app_begin ] --START--
INFO: Run Behavior\ReadHtmlCacheBehavior [ RunTime:0.000305s ]
INFO: Run Behavior\CheckLangBehavior [ RunTime:0.000377s ]
INFO: Run Common\Behavior\UrldecodeGetBehavior [ RunTime:0.000085s ]
INFO: [ app_begin ] --END-- [ RunTime:0.000843s ]
SQL: SHOW COLUMNS FROM `tb_posts` [ RunTime:0.0007s ]
SQL: SELECT * FROM `tb_posts` WHERE `post_author` = '5' AND `post_yl_img_url` = 'http://g1.dfcfw.com/g3/201801/20180122151534.jpg' LIMIT 1   [ RunTime:0.0003s ]
SQL: INSERT INTO `tb_posts` (`post_img_url`,`post_yl_img_url`,`post_title`,`post_hb_id`,`post_source`,`post_author`,`post_date`) VALUES ('/data/downloadImg/5a6851284e8254390.jpg','http://g1.dfcfw.com/g3/201801/20180122151534.jpg','','29','','5','2018-01-24 17:26:00') [ RunTime:0.0007s ]
SQL: SHOW COLUMNS FROM `tb_tag` [ RunTime:0.0005s ]
SQL: SHOW COLUMNS FROM `tb_tag_posts` [ RunTime:0.0003s ]
INFO: [ app_end ] --START--
INFO: Run Behavior\ShowPageTraceBehavior [ RunTime:0.000433s ]
INFO: [ app_end ] --END-- [ RunTime:0.000474s ]

[ 2018-01-24T17:26:06+08:00 ] 112.64.124.135 /index.php/Portal/Gather/caijiAll/
INFO: [ app_init ] --START--
INFO: Run Behavior\BuildLiteBehavior [ RunTime:0.000014s ]
INFO: Run Common\Behavior\InitHookBehavior [ RunTime:0.000754s ]
INFO: [ app_init ] --END-- [ RunTime:0.001036s ]
INFO: [ app_begin ] --START--
INFO: Run Behavior\ReadHtmlCacheBehavior [ RunTime:0.000332s ]
INFO: Run Behavior\CheckLangBehavior [ RunTime:0.000376s ]
INFO: Run Common\Behavior\UrldecodeGetBehavior [ RunTime:0.000086s ]
INFO: [ app_begin ] --END-- [ RunTime:0.000876s ]
SQL: SHOW COLUMNS FROM `tb_huaban` [ RunTime:0.0006s ]
SQL: SELECT * FROM `tb_huaban` WHERE `hb_u_id` = 5 ORDER BY hb_id desc  [ RunTime:0.0001s ]
SQL: SHOW COLUMNS FROM `tb_options` [ RunTime:0.0003s ]
SQL: SELECT `option_value` FROM `tb_options` WHERE `option_name` = 'cdn_settings' LIMIT 1   [ RunTime:0.0001s ]
INFO: [ view_parse ] --START--
INFO: [ template_filter ] --START--
INFO: Run Behavior\ContentReplaceBehavior [ RunTime:0.000073s ]
INFO: [ template_filter ] --END-- [ RunTime:0.000116s ]
INFO: Run Behavior\ParseTemplateBehavior [ RunTime:0.006436s ]
INFO: [ view_parse ] --END-- [ RunTime:0.006474s ]
INFO: [ view_filter ] --START--
INFO: Run Behavior\WriteHtmlCacheBehavior [ RunTime:0.000100s ]
INFO: Run Common\Behavior\TmplStripSpaceBehavior [ RunTime:0.000089s ]
INFO: [ view_filter ] --END-- [ RunTime:0.000230s ]
INFO: [ app_end ] --START--
INFO: Run Behavior\ShowPageTraceBehavior [ RunTime:0.000335s ]
INFO: [ app_end ] --END-- [ RunTime:0.000370s ]

[ 2018-01-24T17:26:10+08:00 ] 112.64.124.135 /index.php/Portal/Gather/addCaijiList
INFO: [ app_init ] --START--
INFO: Run Behavior\BuildLiteBehavior [ RunTime:0.000014s ]
INFO: Run Common\Behavior\InitHookBehavior [ RunTime:0.000778s ]
INFO: [ app_init ] --END-- [ RunTime:0.001066s ]
INFO: [ app_begin ] --START--
INFO: Run Behavior\ReadHtmlCacheBehavior [ RunTime:0.000326s ]
INFO: Run Behavior\CheckLangBehavior [ RunTime:0.000299s ]
INFO: Run Common\Behavior\UrldecodeGetBehavior [ RunTime:0.000082s ]
INFO: [ app_begin ] --END-- [ RunTime:0.000795s ]
SQL: SHOW COLUMNS FROM `tb_posts` [ RunTime:0.0007s ]
SQL: SELECT * FROM `tb_posts` WHERE `post_author` = '5' AND `post_yl_img_url` = 'http://g1.dfcfw.com/g3/201801/20180122151534.jpg' LIMIT 1   [ RunTime:0.0003s ]
SQL: SHOW COLUMNS FROM `tb_tag` [ RunTime:0.0003s ]
SQL: SHOW COLUMNS FROM `tb_tag_posts` [ RunTime:0.0003s ]
INFO: [ app_end ] --START--
INFO: Run Behavior\ShowPageTraceBehavior [ RunTime:0.000494s ]
INFO: [ app_end ] --END-- [ RunTime:0.000541s ]

[ 2018-01-24T18:44:07+08:00 ] 36.63.93.67 /index.php/Portal/Gather/index/?media=http%3A%2F%2Fwww.oulanzhi.com%2Findex.php%3Fg%3DPortal%26m%3Dindex%26a%3DimgCollect%26id%3D187&w=259&h=313&description=%E6%AC%A7%E5%85%B0%E8%8A%9D&url=http%3A%2F%2Fwww.oulanzhi.com%2Findex.php%3Fg%3D%26m%3DArticle%26a%3Dposts%26pid%3D187&via=2&
INFO: [ app_init ] --START--
INFO: Run Behavior\BuildLiteBehavior [ RunTime:0.000016s ]
INFO: Run Common\Behavior\InitHookBehavior [ RunTime:0.000869s ]
INFO: [ app_init ] --END-- [ RunTime:0.001172s ]
INFO: [ app_begin ] --START--
INFO: Run Behavior\ReadHtmlCacheBehavior [ RunTime:0.000332s ]
INFO: Run Behavior\CheckLangBehavior [ RunTime:0.000379s ]
INFO: Run Common\Behavior\UrldecodeGetBehavior [ RunTime:0.000099s ]
INFO: [ app_begin ] --END-- [ RunTime:0.000892s ]
INFO: [ app_end ] --START--
INFO: Run Behavior\ShowPageTraceBehavior [ RunTime:0.000312s ]
INFO: [ app_end ] --END-- [ RunTime:0.000351s ]

[ 2018-01-24T18:44:08+08:00 ] 36.63.93.67 /favicon.ico
INFO: [ app_init ] --START--
INFO: Run Behavior\BuildLiteBehavior [ RunTime:0.000012s ]
INFO: Run Common\Behavior\InitHookBehavior [ RunTime:0.000759s ]
INFO: [ app_init ] --END-- [ RunTime:0.001011s ]

[ 2018-01-24T20:18:26+08:00 ] 36.63.93.67 /
INFO: [ app_init ] --START--
INFO: Run Behavior\BuildLiteBehavior [ RunTime:0.000012s ]
INFO: Run Common\Behavior\InitHookBehavior [ RunTime:0.000740s ]
INFO: [ app_init ] --END-- [ RunTime:0.001000s ]
INFO: [ app_begin ] --START--
INFO: Run Behavior\ReadHtmlCacheBehavior [ RunTime:0.000300s ]
INFO: Run Behavior\CheckLangBehavior [ RunTime:0.000363s ]
INFO: Run Common\Behavior\UrldecodeGetBehavior [ RunTime:0.000094s ]
INFO: [ app_begin ] --END-- [ RunTime:0.000857s ]
SQL: SHOW COLUMNS FROM `tb_options` [ RunTime:0.0005s ]
SQL: SELECT `option_value` FROM `tb_options` WHERE `option_name` = 'cdn_settings' LIMIT 1   [ RunTime:0.0001s ]
INFO: [ view_parse ] --START--
INFO: [ template_filter ] --START--
INFO: Run Behavior\ContentReplaceBehavior [ RunTime:0.000093s ]
INFO: [ template_filter ] --END-- [ RunTime:0.000134s ]
SQL: SHOW COLUMNS FROM `tb_slide_cat` [ RunTime:0.0005s ]
SQL: SELECT * FROM tb_slide_cat a INNER JOIN tb_slide as b on a.cid =b.slide_cid  WHERE ( a.cat_idname='portal_index' and b.slide_status=1 ) ORDER BY listorder ASC LIMIT 0,5   [ RunTime:0.0001s ]
INFO: Run Behavior\ParseTemplateBehavior [ RunTime:0.010551s ]
INFO: [ view_parse ] --END-- [ RunTime:0.010591s ]
INFO: [ view_filter ] --START--
INFO: Run Behavior\WriteHtmlCacheBehavior [ RunTime:0.000106s ]
INFO: Run Common\Behavior\TmplStripSpaceBehavior [ RunTime:0.000089s ]
INFO: [ view_filter ] --END-- [ RunTime:0.000238s ]
INFO: [ app_end ] --START--
INFO: Run Behavior\ShowPageTraceBehavior [ RunTime:0.000331s ]
INFO: [ app_end ] --END-- [ RunTime:0.000367s ]

[ 2018-01-24T20:18:27+08:00 ] 36.63.93.67 /image/111.jpg
INFO: [ app_init ] --START--
INFO: Run Behavior\BuildLiteBehavior [ RunTime:0.000014s ]
INFO: Run Common\Behavior\InitHookBehavior [ RunTime:0.000827s ]
INFO: [ app_init ] --END-- [ RunTime:0.001106s ]

[ 2018-01-24T20:18:27+08:00 ] 36.63.93.67 /image/sheying.jpg
INFO: [ app_init ] --START--
INFO: Run Behavior\BuildLiteBehavior [ RunTime:0.000015s ]
INFO: Run Common\Behavior\InitHookBehavior [ RunTime:0.000800s ]
INFO: [ app_init ] --END-- [ RunTime:0.001114s ]

[ 2018-01-24T20:18:27+08:00 ] 36.63.93.67 /index.php?g=&m=Index&a=getUser
INFO: [ app_init ] --START--
INFO: Run Behavior\BuildLiteBehavior [ RunTime:0.000014s ]
INFO: Run Common\Behavior\InitHookBehavior [ RunTime:0.000805s ]
INFO: [ app_init ] --END-- [ RunTime:0.001067s ]
INFO: [ app_begin ] --START--
INFO: Run Behavior\ReadHtmlCacheBehavior [ RunTime:0.000325s ]
INFO: Run Behavior\CheckLangBehavior [ RunTime:0.000322s ]
INFO: Run Common\Behavior\UrldecodeGetBehavior [ RunTime:0.000086s ]
INFO: [ app_begin ] --END-- [ RunTime:0.000810s ]
INFO: [ app_end ] --START--
INFO: Run Behavior\ShowPageTraceBehavior [ RunTime:0.000341s ]
INFO: [ app_end ] --END-- [ RunTime:0.000380s ]

[ 2018-01-24T20:18:27+08:00 ] 36.63.93.67 /index.php?g=&m=Index&a=getPostList&p=1
INFO: [ app_init ] --START--
INFO: Run Behavior\BuildLiteBehavior [ RunTime:0.000014s ]
INFO: Run Common\Behavior\InitHookBehavior [ RunTime:0.000865s ]
INFO: [ app_init ] --END-- [ RunTime:0.001126s ]
INFO: [ app_begin ] --START--
INFO: Run Behavior\ReadHtmlCacheBehavior [ RunTime:0.000302s ]
INFO: Run Behavior\CheckLangBehavior [ RunTime:0.000352s ]
INFO: Run Common\Behavior\UrldecodeGetBehavior [ RunTime:0.000324s ]
INFO: [ app_begin ] --END-- [ RunTime:0.001058s ]
SQL: SHOW COLUMNS FROM `tb_users` [ RunTime:0.0007s ]
SQL: SHOW COLUMNS FROM `tb_posts` [ RunTime:0.0007s ]
SQL: SELECT COUNT(*) AS tp_count FROM `tb_posts` LIMIT 1   [ RunTime:0.0001s ]
SQL: SELECT b.id as pid,a.id as uid,a.user_nicename,a.avatar,b.post_love,b.post_img_url,b.recommended,b.post_date FROM tb_users a INNER JOIN tb_posts b on a.id =b.post_author  ORDER BY post_date desc LIMIT 0,16   [ RunTime:0.0004s ]
INFO: [ app_end ] --START--
INFO: Run Behavior\ShowPageTraceBehavior [ RunTime:0.000357s ]
INFO: [ app_end ] --END-- [ RunTime:0.000406s ]

[ 2018-01-24T20:18:27+08:00 ] 36.63.93.67 /index.php?g=&m=Index&a=getRecommended&p=1
INFO: [ app_init ] --START--
INFO: Run Behavior\BuildLiteBehavior [ RunTime:0.000014s ]
INFO: Run Common\Behavior\InitHookBehavior [ RunTime:0.000783s ]
INFO: [ app_init ] --END-- [ RunTime:0.001111s ]
INFO: [ app_begin ] --START--
INFO: Run Behavior\ReadHtmlCacheBehavior [ RunTime:0.000352s ]
INFO: Run Behavior\CheckLangBehavior [ RunTime:0.000348s ]
INFO: Run Common\Behavior\UrldecodeGetBehavior [ RunTime:0.000092s ]
INFO: [ app_begin ] --END-- [ RunTime:0.000869s ]
SQL: SHOW COLUMNS FROM `tb_users` [ RunTime:0.0006s ]
SQL: SHOW COLUMNS FROM `tb_posts` [ RunTime:0.0005s ]
SQL: SELECT COUNT(*) AS tp_count FROM `tb_posts` LIMIT 1   [ RunTime:0.0001s ]
SQL: SELECT b.id as pid,a.id as uid,a.user_nicename,a.avatar,b.post_love,b.post_img_url,b.recommended,b.post_date FROM tb_users a INNER JOIN tb_posts b on a.id =b.post_author  WHERE ( recommended = 1 ) ORDER BY post_date desc LIMIT 0,16   [ RunTime:0.0004s ]
INFO: [ app_end ] --START--
INFO: Run Behavior\ShowPageTraceBehavior [ RunTime:0.000466s ]
INFO: [ app_end ] --END-- [ RunTime:0.000515s ]

[ 2018-01-24T20:18:27+08:00 ] 36.63.93.67 /index.php?g=&m=Index&a=imgCollect&id=186
INFO: [ app_init ] --START--
INFO: Run Behavior\BuildLiteBehavior [ RunTime:0.000014s ]
INFO: Run Common\Behavior\InitHookBehavior [ RunTime:0.000985s ]
INFO: [ app_init ] --END-- [ RunTime:0.001251s ]
INFO: [ app_begin ] --START--
INFO: Run Behavior\ReadHtmlCacheBehavior [ RunTime:0.000419s ]
INFO: Run Behavior\CheckLangBehavior [ RunTime:0.000409s ]
INFO: Run Common\Behavior\UrldecodeGetBehavior [ RunTime:0.000113s ]
INFO: [ app_begin ] --END-- [ RunTime:0.001032s ]
SQL: SHOW COLUMNS FROM `tb_posts` [ RunTime:0.0007s ]
SQL: SELECT `post_img_url` FROM `tb_posts` WHERE `id` = 186 LIMIT 1   [ RunTime:0.0001s ]

[ 2018-01-24T20:18:28+08:00 ] 36.63.93.67 /index.php?g=&m=Index&a=imgCollect&id=187
INFO: [ app_init ] --START--
INFO: Run Behavior\BuildLiteBehavior [ RunTime:0.000015s ]
INFO: Run Common\Behavior\InitHookBehavior [ RunTime:0.000817s ]
INFO: [ app_init ] --END-- [ RunTime:0.001104s ]
INFO: [ app_begin ] --START--
INFO: Run Behavior\ReadHtmlCacheBehavior [ RunTime:0.000319s ]
INFO: Run Behavior\CheckLangBehavior [ RunTime:0.000315s ]
INFO: Run Common\Behavior\UrldecodeGetBehavior [ RunTime:0.000100s ]
INFO: [ app_begin ] --END-- [ RunTime:0.000835s ]
SQL: SHOW COLUMNS FROM `tb_posts` [ RunTime:0.0007s ]
SQL: SELECT `post_img_url` FROM `tb_posts` WHERE `id` = 187 LIMIT 1   [ RunTime:0.0001s ]

[ 2018-01-24T20:18:28+08:00 ] 36.63.93.67 /index.php?g=&m=Index&a=imgCollect&id=189
INFO: [ app_init ] --START--
INFO: Run Behavior\BuildLiteBehavior [ RunTime:0.000022s ]
INFO: Run Common\Behavior\InitHookBehavior [ RunTime:0.001293s ]
INFO: [ app_init ] --END-- [ RunTime:0.001720s ]
INFO: [ app_begin ] --START--
INFO: Run Behavior\ReadHtmlCacheBehavior [ RunTime:0.000385s ]
INFO: Run Behavior\CheckLangBehavior [ RunTime:0.000337s ]
INFO: Run Common\Behavior\UrldecodeGetBehavior [ RunTime:0.000092s ]
INFO: [ app_begin ] --END-- [ RunTime:0.000901s ]
SQL: SHOW COLUMNS FROM `tb_posts` [ RunTime:0.0007s ]
SQL: SELECT `post_img_url` FROM `tb_posts` WHERE `id` = 189 LIMIT 1   [ RunTime:0.0002s ]

[ 2018-01-24T20:18:28+08:00 ] 36.63.93.67 /index.php?g=&m=Index&a=imgCollect&id=188
INFO: [ app_init ] --START--
INFO: Run Behavior\BuildLiteBehavior [ RunTime:0.000014s ]
INFO: Run Common\Behavior\InitHookBehavior [ RunTime:0.000870s ]
INFO: [ app_init ] --END-- [ RunTime:0.001181s ]
INFO: [ app_begin ] --START--
INFO: Run Behavior\ReadHtmlCacheBehavior [ RunTime:0.000312s ]
INFO: Run Behavior\CheckLangBehavior [ RunTime:0.000325s ]
INFO: Run Common\Behavior\UrldecodeGetBehavior [ RunTime:0.000088s ]
INFO: [ app_begin ] --END-- [ RunTime:0.000801s ]
SQL: SHOW COLUMNS FROM `tb_posts` [ RunTime:0.0008s ]
SQL: SELECT `post_img_url` FROM `tb_posts` WHERE `id` = 188 LIMIT 1   [ RunTime:0.0001s ]

[ 2018-01-24T20:18:28+08:00 ] 36.63.93.67 /index.php?g=&m=Index&a=imgCollect&id=184
INFO: [ app_init ] --START--
INFO: Run Behavior\BuildLiteBehavior [ RunTime:0.000013s ]
INFO: Run Common\Behavior\InitHookBehavior [ RunTime:0.000766s ]
INFO: [ app_init ] --END-- [ RunTime:0.001030s ]
INFO: [ app_begin ] --START--
INFO: Run Behavior\ReadHtmlCacheBehavior [ RunTime:0.000316s ]
INFO: Run Behavior\CheckLangBehavior [ RunTime:0.000324s ]
INFO: Run Common\Behavior\UrldecodeGetBehavior [ RunTime:0.000086s ]
INFO: [ app_begin ] --END-- [ RunTime:0.000807s ]
SQL: SHOW COLUMNS FROM `tb_posts` [ RunTime:0.0007s ]
SQL: SELECT `post_img_url` FROM `tb_posts` WHERE `id` = 184 LIMIT 1   [ RunTime:0.0001s ]

[ 2018-01-24T20:18:28+08:00 ] 36.63.93.67 /index.php?g=&m=Index&a=imgCollect&id=185
INFO: [ app_init ] --START--
INFO: Run Behavior\BuildLiteBehavior [ RunTime:0.000015s ]
INFO: Run Common\Behavior\InitHookBehavior [ RunTime:0.001058s ]
INFO: [ app_init ] --END-- [ RunTime:0.001395s ]
INFO: [ app_begin ] --START--
INFO: Run Behavior\ReadHtmlCacheBehavior [ RunTime:0.000469s ]
INFO: Run Behavior\CheckLangBehavior [ RunTime:0.000438s ]
INFO: Run Common\Behavior\UrldecodeGetBehavior [ RunTime:0.000114s ]
INFO: [ app_begin ] --END-- [ RunTime:0.001123s ]
SQL: SHOW COLUMNS FROM `tb_posts` [ RunTime:0.0005s ]
SQL: SELECT `post_img_url` FROM `tb_posts` WHERE `id` = 185 LIMIT 1   [ RunTime:0.0001s ]

[ 2018-01-24T20:18:29+08:00 ] 36.63.93.67 /index.php?g=&m=Index&a=imgCollect&id=183
INFO: [ app_init ] --START--
INFO: Run Behavior\BuildLiteBehavior [ RunTime:0.000014s ]
INFO: Run Common\Behavior\InitHookBehavior [ RunTime:0.000734s ]
INFO: [ app_init ] --END-- [ RunTime:0.001024s ]
INFO: [ app_begin ] --START--
INFO: Run Behavior\ReadHtmlCacheBehavior [ RunTime:0.000322s ]
INFO: Run Behavior\CheckLangBehavior [ RunTime:0.000334s ]
INFO: Run Common\Behavior\UrldecodeGetBehavior [ RunTime:0.000090s ]
INFO: [ app_begin ] --END-- [ RunTime:0.000838s ]
SQL: SHOW COLUMNS FROM `tb_posts` [ RunTime:0.0007s ]
SQL: SELECT `post_img_url` FROM `tb_posts` WHERE `id` = 183 LIMIT 1   [ RunTime:0.0001s ]

[ 2018-01-24T20:18:29+08:00 ] 36.63.93.67 /index.php?g=&m=Index&a=imgCollect&id=182
INFO: [ app_init ] --START--
INFO: Run Behavior\BuildLiteBehavior [ RunTime:0.000015s ]
INFO: Run Common\Behavior\InitHookBehavior [ RunTime:0.000874s ]
INFO: [ app_init ] --END-- [ RunTime:0.001275s ]
INFO: [ app_begin ] --START--
INFO: Run Behavior\ReadHtmlCacheBehavior [ RunTime:0.000484s ]
INFO: Run Behavior\CheckLangBehavior [ RunTime:0.000549s ]
INFO: Run Common\Behavior\UrldecodeGetBehavior [ RunTime:0.000135s ]
INFO: [ app_begin ] --END-- [ RunTime:0.001291s ]
SQL: SHOW COLUMNS FROM `tb_posts` [ RunTime:0.0007s ]
SQL: SELECT `post_img_url` FROM `tb_posts` WHERE `id` = 182 LIMIT 1   [ RunTime:0.0001s ]

[ 2018-01-24T20:18:29+08:00 ] 36.63.93.67 /index.php?g=&m=Index&a=imgCollect&id=181
INFO: [ app_init ] --START--
INFO: Run Behavior\BuildLiteBehavior [ RunTime:0.000016s ]
INFO: Run Common\Behavior\InitHookBehavior [ RunTime:0.000786s ]
INFO: [ app_init ] --END-- [ RunTime:0.001049s ]
INFO: [ app_begin ] --START--
INFO: Run Behavior\ReadHtmlCacheBehavior [ RunTime:0.000306s ]
INFO: Run Behavior\CheckLangBehavior [ RunTime:0.000338s ]
INFO: Run Common\Behavior\UrldecodeGetBehavior [ RunTime:0.000092s ]
INFO: [ app_begin ] --END-- [ RunTime:0.000818s ]
SQL: SHOW COLUMNS FROM `tb_posts` [ RunTime:0.0007s ]
SQL: SELECT `post_img_url` FROM `tb_posts` WHERE `id` = 181 LIMIT 1   [ RunTime:0.0001s ]

[ 2018-01-24T20:18:29+08:00 ] 36.63.93.67 /index.php?g=&m=Index&a=imgCollect&id=179
INFO: [ app_init ] --START--
INFO: Run Behavior\BuildLiteBehavior [ RunTime:0.000015s ]
INFO: Run Common\Behavior\InitHookBehavior [ RunTime:0.000850s ]
INFO: [ app_init ] --END-- [ RunTime:0.001127s ]
INFO: [ app_begin ] --START--
INFO: Run Behavior\ReadHtmlCacheBehavior [ RunTime:0.000335s ]
INFO: Run Behavior\CheckLangBehavior [ RunTime:0.000334s ]
INFO: Run Common\Behavior\UrldecodeGetBehavior [ RunTime:0.000108s ]
INFO: [ app_begin ] --END-- [ RunTime:0.000871s ]
SQL: SHOW COLUMNS FROM `tb_posts` [ RunTime:0.0008s ]
SQL: SELECT `post_img_url` FROM `tb_posts` WHERE `id` = 179 LIMIT 1   [ RunTime:0.0001s ]

[ 2018-01-24T20:18:30+08:00 ] 36.63.93.67 /index.php?g=&m=Index&a=imgCollect&id=158
INFO: [ app_init ] --START--
INFO: Run Behavior\BuildLiteBehavior [ RunTime:0.000022s ]
INFO: Run Common\Behavior\InitHookBehavior [ RunTime:0.001104s ]
INFO: [ app_init ] --END-- [ RunTime:0.001495s ]
INFO: [ app_begin ] --START--
INFO: Run Behavior\ReadHtmlCacheBehavior [ RunTime:0.000307s ]
INFO: Run Behavior\CheckLangBehavior [ RunTime:0.000376s ]
INFO: Run Common\Behavior\UrldecodeGetBehavior [ RunTime:0.000110s ]
INFO: [ app_begin ] --END-- [ RunTime:0.000889s ]
SQL: SHOW COLUMNS FROM `tb_posts` [ RunTime:0.0008s ]
SQL: SELECT `post_img_url` FROM `tb_posts` WHERE `id` = 158 LIMIT 1   [ RunTime:0.0001s ]

[ 2018-01-24T20:18:30+08:00 ] 36.63.93.67 /index.php?g=&m=Index&a=imgCollect&id=180
INFO: [ app_init ] --START--
INFO: Run Behavior\BuildLiteBehavior [ RunTime:0.000013s ]
INFO: Run Common\Behavior\InitHookBehavior [ RunTime:0.000975s ]
INFO: [ app_init ] --END-- [ RunTime:0.001251s ]
INFO: [ app_begin ] --START--
INFO: Run Behavior\ReadHtmlCacheBehavior [ RunTime:0.000374s ]
INFO: Run Behavior\CheckLangBehavior [ RunTime:0.000309s ]
INFO: Run Common\Behavior\UrldecodeGetBehavior [ RunTime:0.000087s ]
INFO: [ app_begin ] --END-- [ RunTime:0.000849s ]
SQL: SHOW COLUMNS FROM `tb_posts` [ RunTime:0.0009s ]
SQL: SELECT `post_img_url` FROM `tb_posts` WHERE `id` = 180 LIMIT 1   [ RunTime:0.0001s ]

[ 2018-01-24T20:18:30+08:00 ] 36.63.93.67 /index.php?g=&m=Index&a=imgCollect&id=157
INFO: [ app_init ] --START--
INFO: Run Behavior\BuildLiteBehavior [ RunTime:0.000022s ]
INFO: Run Common\Behavior\InitHookBehavior [ RunTime:0.001249s ]
INFO: [ app_init ] --END-- [ RunTime:0.001701s ]
INFO: [ app_begin ] --START--
INFO: Run Behavior\ReadHtmlCacheBehavior [ RunTime:0.000391s ]
INFO: Run Behavior\CheckLangBehavior [ RunTime:0.000378s ]
INFO: Run Common\Behavior\UrldecodeGetBehavior [ RunTime:0.000144s ]
INFO: [ app_begin ] --END-- [ RunTime:0.001010s ]
SQL: SHOW COLUMNS FROM `tb_posts` [ RunTime:0.0007s ]
SQL: SELECT `post_img_url` FROM `tb_posts` WHERE `id` = 157 LIMIT 1   [ RunTime:0.0001s ]

[ 2018-01-24T20:18:30+08:00 ] 36.63.93.67 /index.php?g=&m=Index&a=imgCollect&id=156
INFO: [ app_init ] --START--
INFO: Run Behavior\BuildLiteBehavior [ RunTime:0.000015s ]
INFO: Run Common\Behavior\InitHookBehavior [ RunTime:0.000801s ]
INFO: [ app_init ] --END-- [ RunTime:0.001079s ]
INFO: [ app_begin ] --START--
INFO: Run Behavior\ReadHtmlCacheBehavior [ RunTime:0.000343s ]
INFO: Run Behavior\CheckLangBehavior [ RunTime:0.000413s ]
INFO: Run Common\Behavior\UrldecodeGetBehavior [ RunTime:0.000096s ]
INFO: [ app_begin ] --END-- [ RunTime:0.000941s ]
SQL: SHOW COLUMNS FROM `tb_posts` [ RunTime:0.0008s ]
SQL: SELECT `post_img_url` FROM `tb_posts` WHERE `id` = 156 LIMIT 1   [ RunTime:0.0001s ]

[ 2018-01-24T20:18:30+08:00 ] 36.63.93.67 /index.php?g=&m=Index&a=imgCollect&id=146
INFO: [ app_init ] --START--
INFO: Run Behavior\BuildLiteBehavior [ RunTime:0.000016s ]
INFO: Run Common\Behavior\InitHookBehavior [ RunTime:0.000778s ]
INFO: [ app_init ] --END-- [ RunTime:0.001069s ]
INFO: [ app_begin ] --START--
INFO: Run Behavior\ReadHtmlCacheBehavior [ RunTime:0.000323s ]
INFO: Run Behavior\CheckLangBehavior [ RunTime:0.000328s ]
INFO: Run Common\Behavior\UrldecodeGetBehavior [ RunTime:0.000088s ]
INFO: [ app_begin ] --END-- [ RunTime:0.000823s ]
SQL: SHOW COLUMNS FROM `tb_posts` [ RunTime:0.0007s ]
SQL: SELECT `post_img_url` FROM `tb_posts` WHERE `id` = 146 LIMIT 1   [ RunTime:0.0001s ]

[ 2018-01-24T20:18:31+08:00 ] 36.63.93.67 /index.php?g=&m=Index&a=imgCollect&id=144
INFO: [ app_init ] --START--
INFO: Run Behavior\BuildLiteBehavior [ RunTime:0.000016s ]
INFO: Run Common\Behavior\InitHookBehavior [ RunTime:0.000857s ]
INFO: [ app_init ] --END-- [ RunTime:0.001201s ]
INFO: [ app_begin ] --START--
INFO: Run Behavior\ReadHtmlCacheBehavior [ RunTime:0.000348s ]
INFO: Run Behavior\CheckLangBehavior [ RunTime:0.000353s ]
INFO: Run Common\Behavior\UrldecodeGetBehavior [ RunTime:0.000087s ]
INFO: [ app_begin ] --END-- [ RunTime:0.000880s ]
SQL: SHOW COLUMNS FROM `tb_posts` [ RunTime:0.0008s ]
SQL: SELECT `post_img_url` FROM `tb_posts` WHERE `id` = 144 LIMIT 1   [ RunTime:0.0001s ]

[ 2018-01-24T20:18:31+08:00 ] 36.63.93.67 /index.php?g=&m=Index&a=imgCollect&id=143
INFO: [ app_init ] --START--
INFO: Run Behavior\BuildLiteBehavior [ RunTime:0.000015s ]
INFO: Run Common\Behavior\InitHookBehavior [ RunTime:0.000794s ]
INFO: [ app_init ] --END-- [ RunTime:0.001059s ]
INFO: [ app_begin ] --START--
INFO: Run Behavior\ReadHtmlCacheBehavior [ RunTime:0.000323s ]
INFO: Run Behavior\CheckLangBehavior [ RunTime:0.000309s ]
INFO: Run Common\Behavior\UrldecodeGetBehavior [ RunTime:0.000089s ]
INFO: [ app_begin ] --END-- [ RunTime:0.000797s ]
SQL: SHOW COLUMNS FROM `tb_posts` [ RunTime:0.0007s ]
SQL: SELECT `post_img_url` FROM `tb_posts` WHERE `id` = 143 LIMIT 1   [ RunTime:0.0001s ]

[ 2018-01-24T20:18:41+08:00 ] 36.63.93.67 /
INFO: [ app_init ] --START--
INFO: Run Behavior\BuildLiteBehavior [ RunTime:0.000016s ]
INFO: Run Common\Behavior\InitHookBehavior [ RunTime:0.000767s ]
INFO: [ app_init ] --END-- [ RunTime:0.001027s ]
INFO: [ app_begin ] --START--
INFO: Run Behavior\ReadHtmlCacheBehavior [ RunTime:0.000326s ]
INFO: Run Behavior\CheckLangBehavior [ RunTime:0.000312s ]
INFO: Run Common\Behavior\UrldecodeGetBehavior [ RunTime:0.000084s ]
INFO: [ app_begin ] --END-- [ RunTime:0.000797s ]
SQL: SHOW COLUMNS FROM `tb_options` [ RunTime:0.0006s ]
SQL: SELECT `option_value` FROM `tb_options` WHERE `option_name` = 'cdn_settings' LIMIT 1   [ RunTime:0.0001s ]
INFO: [ view_parse ] --START--
INFO: [ template_filter ] --START--
INFO: Run Behavior\ContentReplaceBehavior [ RunTime:0.000096s ]
INFO: [ template_filter ] --END-- [ RunTime:0.000145s ]
SQL: SHOW COLUMNS FROM `tb_slide_cat` [ RunTime:0.0006s ]
SQL: SELECT * FROM tb_slide_cat a INNER JOIN tb_slide as b on a.cid =b.slide_cid  WHERE ( a.cat_idname='portal_index' and b.slide_status=1 ) ORDER BY listorder ASC LIMIT 0,5   [ RunTime:0.0002s ]
INFO: Run Behavior\ParseTemplateBehavior [ RunTime:0.011123s ]
INFO: [ view_parse ] --END-- [ RunTime:0.011157s ]
INFO: [ view_filter ] --START--
INFO: Run Behavior\WriteHtmlCacheBehavior [ RunTime:0.000132s ]
INFO: Run Common\Behavior\TmplStripSpaceBehavior [ RunTime:0.000111s ]
INFO: [ view_filter ] --END-- [ RunTime:0.000310s ]
INFO: [ app_end ] --START--
INFO: Run Behavior\ShowPageTraceBehavior [ RunTime:0.000406s ]
INFO: [ app_end ] --END-- [ RunTime:0.000476s ]

[ 2018-01-24T20:18:42+08:00 ] 36.63.93.67 /image/sheying.jpg
INFO: [ app_init ] --START--
INFO: Run Behavior\BuildLiteBehavior [ RunTime:0.000017s ]
INFO: Run Common\Behavior\InitHookBehavior [ RunTime:0.000768s ]
INFO: [ app_init ] --END-- [ RunTime:0.001064s ]

[ 2018-01-24T20:18:42+08:00 ] 36.63.93.67 /image/111.jpg
INFO: [ app_init ] --START--
INFO: Run Behavior\BuildLiteBehavior [ RunTime:0.000013s ]
INFO: Run Common\Behavior\InitHookBehavior [ RunTime:0.000844s ]
INFO: [ app_init ] --END-- [ RunTime:0.001118s ]

[ 2018-01-24T20:18:42+08:00 ] 36.63.93.67 /index.php?g=&m=Index&a=getUser
INFO: [ app_init ] --START--
INFO: Run Behavior\BuildLiteBehavior [ RunTime:0.000016s ]
INFO: Run Common\Behavior\InitHookBehavior [ RunTime:0.000809s ]
INFO: [ app_init ] --END-- [ RunTime:0.001076s ]
INFO: [ app_begin ] --START--
INFO: Run Behavior\ReadHtmlCacheBehavior [ RunTime:0.000331s ]
INFO: Run Behavior\CheckLangBehavior [ RunTime:0.000317s ]
INFO: Run Common\Behavior\UrldecodeGetBehavior [ RunTime:0.000086s ]
INFO: [ app_begin ] --END-- [ RunTime:0.000810s ]
INFO: [ app_end ] --START--
INFO: Run Behavior\ShowPageTraceBehavior [ RunTime:0.000320s ]
INFO: [ app_end ] --END-- [ RunTime:0.000359s ]

[ 2018-01-24T20:18:42+08:00 ] 36.63.93.67 /index.php?g=&m=Index&a=getRecommended&p=1
INFO: [ app_init ] --START--
INFO: Run Behavior\BuildLiteBehavior [ RunTime:0.000015s ]
INFO: Run Common\Behavior\InitHookBehavior [ RunTime:0.000768s ]
INFO: [ app_init ] --END-- [ RunTime:0.001056s ]
INFO: [ app_begin ] --START--
INFO: Run Behavior\ReadHtmlCacheBehavior [ RunTime:0.000318s ]
INFO: Run Behavior\CheckLangBehavior [ RunTime:0.000346s ]
INFO: Run Common\Behavior\UrldecodeGetBehavior [ RunTime:0.000089s ]
INFO: [ app_begin ] --END-- [ RunTime:0.000826s ]
SQL: SHOW COLUMNS FROM `tb_users` [ RunTime:0.0006s ]
SQL: SHOW COLUMNS FROM `tb_posts` [ RunTime:0.0005s ]
SQL: SELECT COUNT(*) AS tp_count FROM `tb_posts` LIMIT 1   [ RunTime:0.0001s ]
SQL: SELECT b.id as pid,a.id as uid,a.user_nicename,a.avatar,b.post_love,b.post_img_url,b.recommended,b.post_date FROM tb_users a INNER JOIN tb_posts b on a.id =b.post_author  WHERE ( recommended = 1 ) ORDER BY post_date desc LIMIT 0,16   [ RunTime:0.0003s ]
INFO: [ app_end ] --START--
INFO: Run Behavior\ShowPageTraceBehavior [ RunTime:0.000327s ]
INFO: [ app_end ] --END-- [ RunTime:0.000370s ]

[ 2018-01-24T20:18:42+08:00 ] 36.63.93.67 /index.php?g=&m=Index&a=getPostList&p=1
INFO: [ app_init ] --START--
INFO: Run Behavior\BuildLiteBehavior [ RunTime:0.000013s ]
INFO: Run Common\Behavior\InitHookBehavior [ RunTime:0.000894s ]
INFO: [ app_init ] --END-- [ RunTime:0.001156s ]
INFO: [ app_begin ] --START--
INFO: Run Behavior\ReadHtmlCacheBehavior [ RunTime:0.000415s ]
INFO: Run Behavior\CheckLangBehavior [ RunTime:0.000427s ]
INFO: Run Common\Behavior\UrldecodeGetBehavior [ RunTime:0.000096s ]
INFO: [ app_begin ] --END-- [ RunTime:0.001022s ]
SQL: SHOW COLUMNS FROM `tb_users` [ RunTime:0.0006s ]
SQL: SHOW COLUMNS FROM `tb_posts` [ RunTime:0.0005s ]
SQL: SELECT COUNT(*) AS tp_count FROM `tb_posts` LIMIT 1   [ RunTime:0.0001s ]
SQL: SELECT b.id as pid,a.id as uid,a.user_nicename,a.avatar,b.post_love,b.post_img_url,b.recommended,b.post_date FROM tb_users a INNER JOIN tb_posts b on a.id =b.post_author  ORDER BY post_date desc LIMIT 0,16   [ RunTime:0.0004s ]
INFO: [ app_end ] --START--
INFO: Run Behavior\ShowPageTraceBehavior [ RunTime:0.000400s ]
INFO: [ app_end ] --END-- [ RunTime:0.000444s ]

[ 2018-01-24T20:18:42+08:00 ] 36.63.93.67 /index.php?g=&m=Index&a=imgCollect&id=143
INFO: [ app_init ] --START--
INFO: Run Behavior\BuildLiteBehavior [ RunTime:0.000013s ]
INFO: Run Common\Behavior\InitHookBehavior [ RunTime:0.000825s ]
INFO: [ app_init ] --END-- [ RunTime:0.001082s ]
INFO: [ app_begin ] --START--
INFO: Run Behavior\ReadHtmlCacheBehavior [ RunTime:0.000372s ]
INFO: Run Behavior\CheckLangBehavior [ RunTime:0.000322s ]
INFO: Run Common\Behavior\UrldecodeGetBehavior [ RunTime:0.000089s ]
INFO: [ app_begin ] --END-- [ RunTime:0.000862s ]
SQL: SHOW COLUMNS FROM `tb_posts` [ RunTime:0.0006s ]
SQL: SELECT `post_img_url` FROM `tb_posts` WHERE `id` = 143 LIMIT 1   [ RunTime:0.0001s ]

[ 2018-01-24T20:18:42+08:00 ] 36.63.93.67 /index.php?g=&m=Index&a=imgCollect&id=144
INFO: [ app_init ] --START--
INFO: Run Behavior\BuildLiteBehavior [ RunTime:0.000023s ]
INFO: Run Common\Behavior\InitHookBehavior [ RunTime:0.012020s ]
INFO: [ app_init ] --END-- [ RunTime:0.012291s ]
INFO: [ app_begin ] --START--
INFO: Run Behavior\ReadHtmlCacheBehavior [ RunTime:0.000309s ]
INFO: Run Behavior\CheckLangBehavior [ RunTime:0.000334s ]
INFO: Run Common\Behavior\UrldecodeGetBehavior [ RunTime:0.000118s ]
INFO: [ app_begin ] --END-- [ RunTime:0.000839s ]
SQL: SHOW COLUMNS FROM `tb_posts` [ RunTime:0.0006s ]
SQL: SELECT `post_img_url` FROM `tb_posts` WHERE `id` = 144 LIMIT 1   [ RunTime:0.0001s ]

[ 2018-01-24T20:18:42+08:00 ] 36.63.93.67 /index.php?g=&m=Index&a=imgCollect&id=156
INFO: [ app_init ] --START--
INFO: Run Behavior\BuildLiteBehavior [ RunTime:0.000018s ]
INFO: Run Common\Behavior\InitHookBehavior [ RunTime:0.000824s ]
INFO: [ app_init ] --END-- [ RunTime:0.001129s ]
INFO: [ app_begin ] --START--
INFO: Run Behavior\ReadHtmlCacheBehavior [ RunTime:0.000312s ]
INFO: Run Behavior\CheckLangBehavior [ RunTime:0.000314s ]
INFO: Run Common\Behavior\UrldecodeGetBehavior [ RunTime:0.000112s ]
INFO: [ app_begin ] --END-- [ RunTime:0.000824s ]
SQL: SHOW COLUMNS FROM `tb_posts` [ RunTime:0.0006s ]
SQL: SELECT `post_img_url` FROM `tb_posts` WHERE `id` = 156 LIMIT 1   [ RunTime:0.0001s ]

[ 2018-01-24T20:18:42+08:00 ] 36.63.93.67 /index.php?g=&m=Index&a=imgCollect&id=187
INFO: [ app_init ] --START--
INFO: Run Behavior\BuildLiteBehavior [ RunTime:0.000012s ]
INFO: Run Common\Behavior\InitHookBehavior [ RunTime:0.000771s ]
INFO: [ app_init ] --END-- [ RunTime:0.001020s ]
INFO: [ app_begin ] --START--
INFO: Run Behavior\ReadHtmlCacheBehavior [ RunTime:0.000320s ]
INFO: Run Behavior\CheckLangBehavior [ RunTime:0.000306s ]
INFO: Run Common\Behavior\UrldecodeGetBehavior [ RunTime:0.000087s ]
INFO: [ app_begin ] --END-- [ RunTime:0.000789s ]
SQL: SHOW COLUMNS FROM `tb_posts` [ RunTime:0.0006s ]
SQL: SELECT `post_img_url` FROM `tb_posts` WHERE `id` = 187 LIMIT 1   [ RunTime:0.0001s ]

[ 2018-01-24T20:18:42+08:00 ] 36.63.93.67 /index.php?g=&m=Index&a=imgCollect&id=189
INFO: [ app_init ] --START--
INFO: Run Behavior\BuildLiteBehavior [ RunTime:0.000045s ]
INFO: Run Common\Behavior\InitHookBehavior [ RunTime:0.000833s ]
INFO: [ app_init ] --END-- [ RunTime:0.001118s ]
INFO: [ app_begin ] --START--
INFO: Run Behavior\ReadHtmlCacheBehavior [ RunTime:0.000310s ]
INFO: Run Behavior\CheckLangBehavior [ RunTime:0.000325s ]
INFO: Run Common\Behavior\UrldecodeGetBehavior [ RunTime:0.000089s ]
INFO: [ app_begin ] --END-- [ RunTime:0.000802s ]
SQL: SHOW COLUMNS FROM `tb_posts` [ RunTime:0.0008s ]
SQL: SELECT `post_img_url` FROM `tb_posts` WHERE `id` = 189 LIMIT 1   [ RunTime:0.0001s ]

[ 2018-01-24T20:18:42+08:00 ] 36.63.93.67 /index.php?g=&m=Index&a=imgCollect&id=188
INFO: [ app_init ] --START--
INFO: Run Behavior\BuildLiteBehavior [ RunTime:0.000014s ]
INFO: Run Common\Behavior\InitHookBehavior [ RunTime:0.000758s ]
INFO: [ app_init ] --END-- [ RunTime:0.001023s ]
INFO: [ app_begin ] --START--
INFO: Run Behavior\ReadHtmlCacheBehavior [ RunTime:0.000356s ]
INFO: Run Behavior\CheckLangBehavior [ RunTime:0.000324s ]
INFO: Run Common\Behavior\UrldecodeGetBehavior [ RunTime:0.000091s ]
INFO: [ app_begin ] --END-- [ RunTime:0.000849s ]
SQL: SHOW COLUMNS FROM `tb_posts` [ RunTime:0.0007s ]
SQL: SELECT `post_img_url` FROM `tb_posts` WHERE `id` = 188 LIMIT 1   [ RunTime:0.0001s ]

[ 2018-01-24T20:18:42+08:00 ] 36.63.93.67 /index.php?g=&m=Index&a=imgCollect&id=186
INFO: [ app_init ] --START--
INFO: Run Behavior\BuildLiteBehavior [ RunTime:0.000021s ]
INFO: Run Common\Behavior\InitHookBehavior [ RunTime:0.000917s ]
INFO: [ app_init ] --END-- [ RunTime:0.001245s ]
INFO: [ app_begin ] --START--
INFO: Run Behavior\ReadHtmlCacheBehavior [ RunTime:0.000321s ]
INFO: Run Behavior\CheckLangBehavior [ RunTime:0.000484s ]
INFO: Run Common\Behavior\UrldecodeGetBehavior [ RunTime:0.000127s ]
INFO: [ app_begin ] --END-- [ RunTime:0.001030s ]
SQL: SHOW COLUMNS FROM `tb_posts` [ RunTime:0.0009s ]
SQL: SELECT `post_img_url` FROM `tb_posts` WHERE `id` = 186 LIMIT 1   [ RunTime:0.0001s ]

[ 2018-01-24T20:18:42+08:00 ] 36.63.93.67 /index.php?g=&m=Index&a=imgCollect&id=185
INFO: [ app_init ] --START--
INFO: Run Behavior\BuildLiteBehavior [ RunTime:0.000015s ]
INFO: Run Common\Behavior\InitHookBehavior [ RunTime:0.000779s ]
INFO: [ app_init ] --END-- [ RunTime:0.001034s ]
INFO: [ app_begin ] --START--
INFO: Run Behavior\ReadHtmlCacheBehavior [ RunTime:0.000316s ]
INFO: Run Behavior\CheckLangBehavior [ RunTime:0.000302s ]
INFO: Run Common\Behavior\UrldecodeGetBehavior [ RunTime:0.000087s ]
INFO: [ app_begin ] --END-- [ RunTime:0.000782s ]
SQL: SHOW COLUMNS FROM `tb_posts` [ RunTime:0.0007s ]
SQL: SELECT `post_img_url` FROM `tb_posts` WHERE `id` = 185 LIMIT 1   [ RunTime:0.0001s ]

[ 2018-01-24T20:18:43+08:00 ] 36.63.93.67 /index.php?g=&m=Index&a=imgCollect&id=184
INFO: [ app_init ] --START--
INFO: Run Behavior\BuildLiteBehavior [ RunTime:0.000013s ]
INFO: Run Common\Behavior\InitHookBehavior [ RunTime:0.000772s ]
INFO: [ app_init ] --END-- [ RunTime:0.001030s ]
INFO: [ app_begin ] --START--
INFO: Run Behavior\ReadHtmlCacheBehavior [ RunTime:0.000302s ]
INFO: Run Behavior\CheckLangBehavior [ RunTime:0.000296s ]
INFO: Run Common\Behavior\UrldecodeGetBehavior [ RunTime:0.000099s ]
INFO: [ app_begin ] --END-- [ RunTime:0.000772s ]
SQL: SHOW COLUMNS FROM `tb_posts` [ RunTime:0.0007s ]
SQL: SELECT `post_img_url` FROM `tb_posts` WHERE `id` = 184 LIMIT 1   [ RunTime:0.0001s ]

[ 2018-01-24T20:18:43+08:00 ] 36.63.93.67 /index.php?g=&m=Index&a=imgCollect&id=182
INFO: [ app_init ] --START--
INFO: Run Behavior\BuildLiteBehavior [ RunTime:0.000012s ]
INFO: Run Common\Behavior\InitHookBehavior [ RunTime:0.000810s ]
INFO: [ app_init ] --END-- [ RunTime:0.001110s ]
INFO: [ app_begin ] --START--
INFO: Run Behavior\ReadHtmlCacheBehavior [ RunTime:0.000355s ]
INFO: Run Behavior\CheckLangBehavior [ RunTime:0.000415s ]
INFO: Run Common\Behavior\UrldecodeGetBehavior [ RunTime:0.000093s ]
INFO: [ app_begin ] --END-- [ RunTime:0.000944s ]
SQL: SHOW COLUMNS FROM `tb_posts` [ RunTime:0.0006s ]
SQL: SELECT `post_img_url` FROM `tb_posts` WHERE `id` = 182 LIMIT 1   [ RunTime:0.0001s ]

[ 2018-01-24T20:18:43+08:00 ] 36.63.93.67 /index.php?g=&m=Index&a=imgCollect&id=183
INFO: [ app_init ] --START--
INFO: Run Behavior\BuildLiteBehavior [ RunTime:0.000013s ]
INFO: Run Common\Behavior\InitHookBehavior [ RunTime:0.000913s ]
INFO: [ app_init ] --END-- [ RunTime:0.001178s ]
INFO: [ app_begin ] --START--
INFO: Run Behavior\ReadHtmlCacheBehavior [ RunTime:0.000310s ]
INFO: Run Behavior\CheckLangBehavior [ RunTime:0.000413s ]
INFO: Run Common\Behavior\UrldecodeGetBehavior [ RunTime:0.000096s ]
INFO: [ app_begin ] --END-- [ RunTime:0.000903s ]
SQL: SHOW COLUMNS FROM `tb_posts` [ RunTime:0.0007s ]
SQL: SELECT `post_img_url` FROM `tb_posts` WHERE `id` = 183 LIMIT 1   [ RunTime:0.0001s ]

[ 2018-01-24T20:18:43+08:00 ] 36.63.93.67 /index.php?g=&m=Index&a=imgCollect&id=181
INFO: [ app_init ] --START--
INFO: Run Behavior\BuildLiteBehavior [ RunTime:0.000014s ]
INFO: Run Common\Behavior\InitHookBehavior [ RunTime:0.000972s ]
INFO: [ app_init ] --END-- [ RunTime:0.001262s ]
INFO: [ app_begin ] --START--
INFO: Run Behavior\ReadHtmlCacheBehavior [ RunTime:0.000337s ]
INFO: Run Behavior\CheckLangBehavior [ RunTime:0.000336s ]
INFO: Run Common\Behavior\UrldecodeGetBehavior [ RunTime:0.000094s ]
INFO: [ app_begin ] --END-- [ RunTime:0.000847s ]
SQL: SHOW COLUMNS FROM `tb_posts` [ RunTime:0.0007s ]
SQL: SELECT `post_img_url` FROM `tb_posts` WHERE `id` = 181 LIMIT 1   [ RunTime:0.0001s ]

[ 2018-01-24T20:18:43+08:00 ] 36.63.93.67 /index.php?g=&m=Index&a=imgCollect&id=179
INFO: [ app_init ] --START--
INFO: Run Behavior\BuildLiteBehavior [ RunTime:0.000012s ]
INFO: Run Common\Behavior\InitHookBehavior [ RunTime:0.000767s ]
INFO: [ app_init ] --END-- [ RunTime:0.001029s ]
INFO: [ app_begin ] --START--
INFO: Run Behavior\ReadHtmlCacheBehavior [ RunTime:0.000300s ]
INFO: Run Behavior\CheckLangBehavior [ RunTime:0.000351s ]
INFO: Run Common\Behavior\UrldecodeGetBehavior [ RunTime:0.000088s ]
INFO: [ app_begin ] --END-- [ RunTime:0.000816s ]
SQL: SHOW COLUMNS FROM `tb_posts` [ RunTime:0.0007s ]
SQL: SELECT `post_img_url` FROM `tb_posts` WHERE `id` = 179 LIMIT 1   [ RunTime:0.0002s ]

[ 2018-01-24T20:18:43+08:00 ] 36.63.93.67 /index.php?g=&m=Index&a=imgCollect&id=180
INFO: [ app_init ] --START--
INFO: Run Behavior\BuildLiteBehavior [ RunTime:0.000012s ]
INFO: Run Common\Behavior\InitHookBehavior [ RunTime:0.000831s ]
INFO: [ app_init ] --END-- [ RunTime:0.001122s ]
INFO: [ app_begin ] --START--
INFO: Run Behavior\ReadHtmlCacheBehavior [ RunTime:0.000379s ]
INFO: Run Behavior\CheckLangBehavior [ RunTime:0.000327s ]
INFO: Run Common\Behavior\UrldecodeGetBehavior [ RunTime:0.000102s ]
INFO: [ app_begin ] --END-- [ RunTime:0.000894s ]
SQL: SHOW COLUMNS FROM `tb_posts` [ RunTime:0.0008s ]
SQL: SELECT `post_img_url` FROM `tb_posts` WHERE `id` = 180 LIMIT 1   [ RunTime:0.0001s ]

[ 2018-01-24T20:18:43+08:00 ] 36.63.93.67 /index.php?g=&m=Index&a=imgCollect&id=158
INFO: [ app_init ] --START--
INFO: Run Behavior\BuildLiteBehavior [ RunTime:0.000012s ]
INFO: Run Common\Behavior\InitHookBehavior [ RunTime:0.000744s ]
INFO: [ app_init ] --END-- [ RunTime:0.000983s ]
INFO: [ app_begin ] --START--
INFO: Run Behavior\ReadHtmlCacheBehavior [ RunTime:0.000330s ]
INFO: Run Behavior\CheckLangBehavior [ RunTime:0.000298s ]
INFO: Run Common\Behavior\UrldecodeGetBehavior [ RunTime:0.000083s ]
INFO: [ app_begin ] --END-- [ RunTime:0.000787s ]
SQL: SHOW COLUMNS FROM `tb_posts` [ RunTime:0.0007s ]
SQL: SELECT `post_img_url` FROM `tb_posts` WHERE `id` = 158 LIMIT 1   [ RunTime:0.0001s ]

[ 2018-01-24T20:18:43+08:00 ] 36.63.93.67 /index.php?g=&m=Index&a=imgCollect&id=157
INFO: [ app_init ] --START--
INFO: Run Behavior\BuildLiteBehavior [ RunTime:0.000012s ]
INFO: Run Common\Behavior\InitHookBehavior [ RunTime:0.000872s ]
INFO: [ app_init ] --END-- [ RunTime:0.001179s ]
INFO: [ app_begin ] --START--
INFO: Run Behavior\ReadHtmlCacheBehavior [ RunTime:0.000304s ]
INFO: Run Behavior\CheckLangBehavior [ RunTime:0.000318s ]
INFO: Run Common\Behavior\UrldecodeGetBehavior [ RunTime:0.000094s ]
INFO: [ app_begin ] --END-- [ RunTime:0.000796s ]
SQL: SHOW COLUMNS FROM `tb_posts` [ RunTime:0.0006s ]
SQL: SELECT `post_img_url` FROM `tb_posts` WHERE `id` = 157 LIMIT 1   [ RunTime:0.0001s ]

[ 2018-01-24T20:18:43+08:00 ] 36.63.93.67 /index.php?g=&m=Index&a=imgCollect&id=146
INFO: [ app_init ] --START--
INFO: Run Behavior\BuildLiteBehavior [ RunTime:0.000011s ]
INFO: Run Common\Behavior\InitHookBehavior [ RunTime:0.000775s ]
INFO: [ app_init ] --END-- [ RunTime:0.001044s ]
INFO: [ app_begin ] --START--
INFO: Run Behavior\ReadHtmlCacheBehavior [ RunTime:0.000366s ]
INFO: Run Behavior\CheckLangBehavior [ RunTime:0.000306s ]
INFO: Run Common\Behavior\UrldecodeGetBehavior [ RunTime:0.000085s ]
INFO: [ app_begin ] --END-- [ RunTime:0.000834s ]
SQL: SHOW COLUMNS FROM `tb_posts` [ RunTime:0.0005s ]
SQL: SELECT `post_img_url` FROM `tb_posts` WHERE `id` = 146 LIMIT 1   [ RunTime:0.0001s ]

