[ 2018-01-26T12:50:10+08:00 ] 36.63.94.35 /index.php?g=api&m=checkcode&a=index&length=4&font_size=20&width=248&height=42&use_noise=1&use_curve=0
INFO: [ app_init ] --START--
INFO: Run Behavior\BuildLiteBehavior [ RunTime:0.000014s ]
INFO: Run Common\Behavior\InitHookBehavior [ RunTime:0.000896s ]
INFO: [ app_init ] --END-- [ RunTime:0.001168s ]
INFO: [ app_begin ] --START--
INFO: Run Behavior\ReadHtmlCacheBehavior [ RunTime:0.000293s ]
INFO: Run Behavior\CheckLangBehavior [ RunTime:0.000357s ]
INFO: Run Common\Behavior\UrldecodeGetBehavior [ RunTime:0.000104s ]
INFO: [ app_begin ] --END-- [ RunTime:0.000838s ]
INFO: [ app_end ] --START--
INFO: Run Behavior\ShowPageTraceBehavior [ RunTime:0.000462s ]
INFO: [ app_end ] --END-- [ RunTime:0.000512s ]

[ 2018-01-26T16:42:42+08:00 ] 36.63.94.35 /index.php?g=api&m=oauth&a=login&type=qq
INFO: [ app_init ] --START--
INFO: Run Behavior\BuildLiteBehavior [ RunTime:0.000019s ]
INFO: Run Common\Behavior\InitHookBehavior [ RunTime:0.001059s ]
INFO: [ app_init ] --END-- [ RunTime:0.001552s ]
INFO: [ app_begin ] --START--
INFO: Run Behavior\ReadHtmlCacheBehavior [ RunTime:0.000472s ]
INFO: Run Behavior\CheckLangBehavior [ RunTime:0.000395s ]
INFO: Run Common\Behavior\UrldecodeGetBehavior [ RunTime:0.000117s ]
INFO: [ app_begin ] --END-- [ RunTime:0.001091s ]
ERR: 请配置您申请的APP_KEY和APP_SECRET

[ 2018-01-26T16:42:46+08:00 ] 36.63.94.35 /index.php?g=api&m=oauth&a=login&type=sina
INFO: [ app_init ] --START--
INFO: Run Behavior\BuildLiteBehavior [ RunTime:0.000012s ]
INFO: Run Common\Behavior\InitHookBehavior [ RunTime:0.000744s ]
INFO: [ app_init ] --END-- [ RunTime:0.001061s ]
INFO: [ app_begin ] --START--
INFO: Run Behavior\ReadHtmlCacheBehavior [ RunTime:0.000306s ]
INFO: Run Behavior\CheckLangBehavior [ RunTime:0.000327s ]
INFO: Run Common\Behavior\UrldecodeGetBehavior [ RunTime:0.000088s ]
INFO: [ app_begin ] --END-- [ RunTime:0.000800s ]
ERR: 请配置您申请的APP_KEY和APP_SECRET

