[ 2018-01-27T18:00:30+08:00 ] 36.63.94.35 /index.php?g=admin&m=public&a=login
INFO: [ app_init ] --START--
INFO: Run Behavior\BuildLiteBehavior [ RunTime:0.000013s ]
INFO: Run Common\Behavior\InitHookBehavior [ RunTime:0.001075s ]
INFO: [ app_init ] --END-- [ RunTime:0.001336s ]
INFO: [ app_begin ] --START--
INFO: Run Behavior\ReadHtmlCacheBehavior [ RunTime:0.000322s ]
INFO: Run Behavior\CheckLangBehavior [ RunTime:0.000449s ]
INFO: Run Common\Behavior\UrldecodeGetBehavior [ RunTime:0.000087s ]
INFO: [ app_begin ] --END-- [ RunTime:0.000940s ]
INFO: [ admin_begin ] --START--
INFO: Run Common\Behavior\AdminDefaultLangBehavior [ RunTime:0.000504s ]
INFO: [ admin_begin ] --END-- [ RunTime:0.000548s ]
SQL: SHOW COLUMNS FROM `tb_options` [ RunTime:0.0006s ]
SQL: SELECT `option_value` FROM `tb_options` WHERE `option_name` = 'cdn_settings' LIMIT 1   [ RunTime:0.0001s ]
INFO: [ view_parse ] --START--
INFO: [ template_filter ] --START--
INFO: Run Behavior\ContentReplaceBehavior [ RunTime:0.000058s ]
INFO: [ template_filter ] --END-- [ RunTime:0.000096s ]
INFO: Run Behavior\ParseTemplateBehavior [ RunTime:0.004205s ]
INFO: [ view_parse ] --END-- [ RunTime:0.004235s ]
INFO: [ view_filter ] --START--
INFO: Run Behavior\WriteHtmlCacheBehavior [ RunTime:0.000094s ]
INFO: Run Common\Behavior\TmplStripSpaceBehavior [ RunTime:0.000083s ]
INFO: [ view_filter ] --END-- [ RunTime:0.000218s ]
INFO: [ app_end ] --START--
INFO: Run Behavior\ShowPageTraceBehavior [ RunTime:0.000355s ]
INFO: [ app_end ] --END-- [ RunTime:0.000405s ]

[ 2018-01-27T18:00:39+08:00 ] 36.63.94.35 /index.php?g=Admin&m=public&a=dologin
INFO: [ app_init ] --START--
INFO: Run Behavior\BuildLiteBehavior [ RunTime:0.000012s ]
INFO: Run Common\Behavior\InitHookBehavior [ RunTime:0.000761s ]
INFO: [ app_init ] --END-- [ RunTime:0.001053s ]
INFO: [ app_begin ] --START--
INFO: Run Behavior\ReadHtmlCacheBehavior [ RunTime:0.000330s ]
INFO: Run Behavior\CheckLangBehavior [ RunTime:0.000357s ]
INFO: Run Common\Behavior\UrldecodeGetBehavior [ RunTime:0.000082s ]
INFO: [ app_begin ] --END-- [ RunTime:0.000858s ]
INFO: [ admin_begin ] --START--
INFO: Run Common\Behavior\AdminDefaultLangBehavior [ RunTime:0.000421s ]
INFO: [ admin_begin ] --END-- [ RunTime:0.000461s ]
SQL: SHOW COLUMNS FROM `tb_users` [ RunTime:0.0007s ]
SQL: SELECT * FROM `tb_users` WHERE `user_login` = 'admin' LIMIT 1   [ RunTime:0.0003s ]
SQL: SHOW COLUMNS FROM `tb_role_user` [ RunTime:0.0003s ]
SQL: SELECT `role_id` FROM tb_role_user a INNER JOIN tb_role as b on a.role_id =b.id  WHERE `user_id` = '1' AND `status` = 1  [ RunTime:0.0001s ]
SQL: UPDATE `tb_users` SET `user_login`='admin',`user_pass`='###3292f0f51b4822ab58e9bce5e00b1799',`user_nicename`='李四',`user_email`='450175465@qq.com',`user_url`='',`avatar`='avatar/5a535681e5bf2.png',`sex`='0',`birthday`='2000-01-01',`signature`=NULL,`last_login_ip`='36.63.94.35',`last_login_time`='2018-01-27 18:00:39',`create_time`='2017-12-27 06:00:41',`user_activation_key`='',`user_status`='1',`score`='0',`user_type`='1',`coin`='0',`mobile`='' WHERE `id` = '1' [ RunTime:0.0004s ]

[ 2018-01-27T18:00:42+08:00 ] 36.63.94.35 /index.php?g=Admin&m=Index&a=index
INFO: [ app_init ] --START--
INFO: Run Behavior\BuildLiteBehavior [ RunTime:0.000016s ]
INFO: Run Common\Behavior\InitHookBehavior [ RunTime:0.001027s ]
INFO: [ app_init ] --END-- [ RunTime:0.001367s ]
INFO: [ app_begin ] --START--
INFO: Run Behavior\ReadHtmlCacheBehavior [ RunTime:0.000421s ]
INFO: Run Behavior\CheckLangBehavior [ RunTime:0.000512s ]
INFO: Run Common\Behavior\UrldecodeGetBehavior [ RunTime:0.000108s ]
INFO: [ app_begin ] --END-- [ RunTime:0.001146s ]
INFO: [ admin_begin ] --START--
INFO: Run Common\Behavior\AdminDefaultLangBehavior [ RunTime:0.000519s ]
INFO: [ admin_begin ] --END-- [ RunTime:0.000571s ]
SQL: SHOW COLUMNS FROM `tb_users` [ RunTime:0.0006s ]
SQL: SELECT * FROM `tb_users` WHERE `id` = '1' LIMIT 1   [ RunTime:0.0003s ]
SQL: SHOW COLUMNS FROM `tb_menu` [ RunTime:0.0004s ]
SQL: SELECT * FROM `tb_menu` WHERE `parentid` = 0 AND `status` = 1 ORDER BY `listorder` ASC  [ RunTime:0.0001s ]
SQL: SELECT * FROM `tb_menu` WHERE `parentid` = 109 AND `status` = 1 ORDER BY `listorder` ASC  [ RunTime:0.0001s ]
SQL: SELECT * FROM `tb_menu` WHERE `parentid` = 110 AND `status` = 1 ORDER BY `listorder` ASC  [ RunTime:0.0001s ]
SQL: SELECT * FROM `tb_menu` WHERE `parentid` = 111 AND `status` = 1 ORDER BY `listorder` ASC  [ RunTime:0.0001s ]
SQL: SELECT * FROM `tb_menu` WHERE `parentid` = 113 AND `status` = 1 ORDER BY `listorder` ASC  [ RunTime:0.0001s ]
SQL: SELECT * FROM `tb_menu` WHERE `parentid` = 115 AND `status` = 1 ORDER BY `listorder` ASC  [ RunTime:0.0001s ]
SQL: SELECT * FROM `tb_menu` WHERE `parentid` = 126 AND `status` = 1 ORDER BY `listorder` ASC  [ RunTime:0.0001s ]
SQL: SELECT * FROM `tb_menu` WHERE `parentid` = 127 AND `status` = 1 ORDER BY `listorder` ASC  [ RunTime:0.0001s ]
SQL: SELECT * FROM `tb_menu` WHERE `parentid` = 129 AND `status` = 1 ORDER BY `listorder` ASC  [ RunTime:0.0001s ]
SQL: SELECT * FROM `tb_menu` WHERE `parentid` = 156 AND `status` = 1 ORDER BY `listorder` ASC  [ RunTime:0.0001s ]
SQL: SELECT * FROM `tb_menu` WHERE `parentid` = 167 AND `status` = 1 ORDER BY `listorder` ASC  [ RunTime:0.0001s ]
SQL: SELECT * FROM `tb_menu` WHERE `parentid` = 131 AND `status` = 1 ORDER BY `listorder` ASC  [ RunTime:0.0001s ]
SQL: SELECT * FROM `tb_menu` WHERE `parentid` = 197 AND `status` = 1 ORDER BY `listorder` ASC  [ RunTime:0.0001s ]
SQL: SELECT * FROM `tb_menu` WHERE `parentid` = 198 AND `status` = 1 ORDER BY `listorder` ASC  [ RunTime:0.0001s ]
SQL: SELECT * FROM `tb_menu` WHERE `parentid` = 200 AND `status` = 1 ORDER BY `listorder` ASC  [ RunTime:0.0001s ]
SQL: SELECT * FROM `tb_menu` WHERE `parentid` = 190 AND `status` = 1 ORDER BY `listorder` ASC  [ RunTime:0.0001s ]
SQL: SELECT * FROM `tb_menu` WHERE `parentid` = 191 AND `status` = 1 ORDER BY `listorder` ASC  [ RunTime:0.0001s ]
SQL: SELECT * FROM `tb_menu` WHERE `parentid` = 192 AND `status` = 1 ORDER BY `listorder` ASC  [ RunTime:0.0001s ]
SQL: SELECT * FROM `tb_menu` WHERE `parentid` = 195 AND `status` = 1 ORDER BY `listorder` ASC  [ RunTime:0.0001s ]
SQL: SELECT * FROM `tb_menu` WHERE `parentid` = 196 AND `status` = 1 ORDER BY `listorder` ASC  [ RunTime:0.0001s ]
SQL: SELECT * FROM `tb_menu` WHERE `parentid` = 201 AND `status` = 1 ORDER BY `listorder` ASC  [ RunTime:0.0001s ]
SQL: SELECT * FROM `tb_menu` WHERE `parentid` = 202 AND `status` = 1 ORDER BY `listorder` ASC  [ RunTime:0.0001s ]
SQL: SELECT * FROM `tb_menu` WHERE `parentid` = 203 AND `status` = 1 ORDER BY `listorder` ASC  [ RunTime:0.0001s ]
SQL: SELECT * FROM `tb_menu` WHERE `parentid` = 204 AND `status` = 1 ORDER BY `listorder` ASC  [ RunTime:0.0001s ]
SQL: SELECT * FROM `tb_menu` WHERE `parentid` = 53 AND `status` = 1 ORDER BY `listorder` ASC  [ RunTime:0.0001s ]
SQL: SELECT * FROM `tb_menu` WHERE `parentid` = 54 AND `status` = 1 ORDER BY `listorder` ASC  [ RunTime:0.0001s ]
SQL: SELECT * FROM `tb_menu` WHERE `parentid` = 62 AND `status` = 1 ORDER BY `listorder` ASC  [ RunTime:0.0001s ]
SQL: SELECT * FROM `tb_menu` WHERE `parentid` = 132 AND `status` = 1 ORDER BY `listorder` ASC  [ RunTime:0.0001s ]
SQL: SELECT * FROM `tb_menu` WHERE `parentid` = 133 AND `status` = 1 ORDER BY `listorder` ASC  [ RunTime:0.0001s ]
SQL: SELECT * FROM `tb_menu` WHERE `parentid` = 134 AND `status` = 1 ORDER BY `listorder` ASC  [ RunTime:0.0001s ]
SQL: SELECT * FROM `tb_menu` WHERE `parentid` = 137 AND `status` = 1 ORDER BY `listorder` ASC  [ RunTime:0.0001s ]
SQL: SELECT * FROM `tb_menu` WHERE `parentid` = 139 AND `status` = 1 ORDER BY `listorder` ASC  [ RunTime:0.0001s ]
SQL: SELECT * FROM `tb_menu` WHERE `parentid` = 140 AND `status` = 1 ORDER BY `listorder` ASC  [ RunTime:0.0001s ]
SQL: SELECT * FROM `tb_menu` WHERE `parentid` = 146 AND `status` = 1 ORDER BY `listorder` ASC  [ RunTime:0.0001s ]
SQL: SELECT * FROM `tb_menu` WHERE `parentid` = 147 AND `status` = 1 ORDER BY `listorder` ASC  [ RunTime:0.0001s ]
SQL: SELECT * FROM `tb_menu` WHERE `parentid` = 149 AND `status` = 1 ORDER BY `listorder` ASC  [ RunTime:0.0001s ]
SQL: SELECT * FROM `tb_menu` WHERE `parentid` = 85 AND `status` = 1 ORDER BY `listorder` ASC  [ RunTime:0.0001s ]
SQL: SELECT * FROM `tb_menu` WHERE `parentid` = 86 AND `status` = 1 ORDER BY `listorder` ASC  [ RunTime:0.0001s ]
SQL: SELECT * FROM `tb_menu` WHERE `parentid` = 87 AND `status` = 1 ORDER BY `listorder` ASC  [ RunTime:0.0001s ]
SQL: SELECT * FROM `tb_menu` WHERE `parentid` = 94 AND `status` = 1 ORDER BY `listorder` ASC  [ RunTime:0.0001s ]
SQL: SELECT * FROM `tb_menu` WHERE `parentid` = 100 AND `status` = 1 ORDER BY `listorder` ASC  [ RunTime:0.0001s ]
SQL: SELECT * FROM `tb_menu` WHERE `parentid` = 1 AND `status` = 1 ORDER BY `listorder` ASC  [ RunTime:0.0001s ]
SQL: SELECT * FROM `tb_menu` WHERE `parentid` = 2 AND `status` = 1 ORDER BY `listorder` ASC  [ RunTime:0.0001s ]
SQL: SELECT * FROM `tb_menu` WHERE `parentid` = 4 AND `status` = 1 ORDER BY `listorder` ASC  [ RunTime:0.0001s ]
SQL: SELECT * FROM `tb_menu` WHERE `parentid` = 7 AND `status` = 1 ORDER BY `listorder` ASC  [ RunTime:0.0001s ]
SQL: SELECT * FROM `tb_menu` WHERE `parentid` = 18 AND `status` = 1 ORDER BY `listorder` ASC  [ RunTime:0.0001s ]
SQL: SELECT * FROM `tb_menu` WHERE `parentid` = 25 AND `status` = 1 ORDER BY `listorder` ASC  [ RunTime:0.0001s ]
SQL: SELECT * FROM `tb_menu` WHERE `parentid` = 32 AND `status` = 1 ORDER BY `listorder` ASC  [ RunTime:0.0001s ]
SQL: SELECT * FROM `tb_menu` WHERE `parentid` = 33 AND `status` = 1 ORDER BY `listorder` ASC  [ RunTime:0.0001s ]
SQL: SELECT * FROM `tb_menu` WHERE `parentid` = 36 AND `status` = 1 ORDER BY `listorder` ASC  [ RunTime:0.0001s ]
SQL: SELECT * FROM `tb_menu` WHERE `parentid` = 39 AND `status` = 1 ORDER BY `listorder` ASC  [ RunTime:0.0001s ]
SQL: SELECT * FROM `tb_menu` WHERE `parentid` = 47 AND `status` = 1 ORDER BY `listorder` ASC  [ RunTime:0.0001s ]
SQL: SELECT * FROM `tb_menu` WHERE `parentid` = 68 AND `status` = 1 ORDER BY `listorder` ASC  [ RunTime:0.0001s ]
SQL: SELECT * FROM `tb_menu` WHERE `parentid` = 75 AND `status` = 1 ORDER BY `listorder` ASC  [ RunTime:0.0001s ]
SQL: SELECT * FROM `tb_menu` WHERE `parentid` = 83 AND `status` = 1 ORDER BY `listorder` ASC  [ RunTime:0.0001s ]
SQL: SHOW COLUMNS FROM `tb_options` [ RunTime:0.0004s ]
SQL: SELECT `option_value` FROM `tb_options` WHERE `option_name` = 'cdn_settings' LIMIT 1   [ RunTime:0.0001s ]
INFO: [ view_parse ] --START--
INFO: [ template_filter ] --START--
INFO: Run Behavior\ContentReplaceBehavior [ RunTime:0.000097s ]
INFO: [ template_filter ] --END-- [ RunTime:0.000132s ]
INFO: Run Behavior\ParseTemplateBehavior [ RunTime:0.008918s ]
INFO: [ view_parse ] --END-- [ RunTime:0.008950s ]
INFO: [ view_filter ] --START--
INFO: Run Behavior\WriteHtmlCacheBehavior [ RunTime:0.000096s ]
INFO: Run Common\Behavior\TmplStripSpaceBehavior [ RunTime:0.000085s ]
INFO: [ view_filter ] --END-- [ RunTime:0.000225s ]
INFO: [ app_end ] --START--
INFO: Run Behavior\ShowPageTraceBehavior [ RunTime:0.000291s ]
INFO: [ app_end ] --END-- [ RunTime:0.000325s ]

[ 2018-01-27T18:00:42+08:00 ] 36.63.94.35 /index.php?g=Admin&m=Main&a=index
INFO: [ app_init ] --START--
INFO: Run Behavior\BuildLiteBehavior [ RunTime:0.000013s ]
INFO: Run Common\Behavior\InitHookBehavior [ RunTime:0.000837s ]
INFO: [ app_init ] --END-- [ RunTime:0.001244s ]
INFO: [ app_begin ] --START--
INFO: Run Behavior\ReadHtmlCacheBehavior [ RunTime:0.000295s ]
INFO: Run Behavior\CheckLangBehavior [ RunTime:0.000512s ]
INFO: Run Common\Behavior\UrldecodeGetBehavior [ RunTime:0.000088s ]
INFO: [ app_begin ] --END-- [ RunTime:0.000979s ]
INFO: [ admin_begin ] --START--
INFO: Run Common\Behavior\AdminDefaultLangBehavior [ RunTime:0.000497s ]
INFO: [ admin_begin ] --END-- [ RunTime:0.000542s ]
SQL: SHOW COLUMNS FROM `tb_users` [ RunTime:0.0008s ]
SQL: SELECT * FROM `tb_users` WHERE `id` = '1' LIMIT 1   [ RunTime:0.0001s ]
SQL: select VERSION() as version [ RunTime:0.0001s ]
SQL: SHOW COLUMNS FROM `tb_options` [ RunTime:0.0003s ]
SQL: SELECT `option_value` FROM `tb_options` WHERE `option_name` = 'cdn_settings' LIMIT 1   [ RunTime:0.0001s ]
INFO: [ view_parse ] --START--
INFO: [ template_filter ] --START--
INFO: Run Behavior\ContentReplaceBehavior [ RunTime:0.000058s ]
INFO: [ template_filter ] --END-- [ RunTime:0.000092s ]
INFO: Run Behavior\ParseTemplateBehavior [ RunTime:0.006181s ]
INFO: [ view_parse ] --END-- [ RunTime:0.006214s ]
INFO: [ view_filter ] --START--
INFO: Run Behavior\WriteHtmlCacheBehavior [ RunTime:0.000097s ]
INFO: Run Common\Behavior\TmplStripSpaceBehavior [ RunTime:0.000082s ]
INFO: [ view_filter ] --END-- [ RunTime:0.000220s ]
INFO: [ app_end ] --START--
INFO: Run Behavior\ShowPageTraceBehavior [ RunTime:0.000285s ]
INFO: [ app_end ] --END-- [ RunTime:0.000314s ]

[ 2018-01-27T18:00:48+08:00 ] 36.63.94.35 /index.php?g=Admin&m=Activity&a=index
INFO: [ app_init ] --START--
INFO: Run Behavior\BuildLiteBehavior [ RunTime:0.000014s ]
INFO: Run Common\Behavior\InitHookBehavior [ RunTime:0.000773s ]
INFO: [ app_init ] --END-- [ RunTime:0.001023s ]
INFO: [ app_begin ] --START--
INFO: Run Behavior\ReadHtmlCacheBehavior [ RunTime:0.000316s ]
INFO: Run Behavior\CheckLangBehavior [ RunTime:0.000372s ]
INFO: Run Common\Behavior\UrldecodeGetBehavior [ RunTime:0.000084s ]
INFO: [ app_begin ] --END-- [ RunTime:0.000863s ]
INFO: [ admin_begin ] --START--
INFO: Run Common\Behavior\AdminDefaultLangBehavior [ RunTime:0.000365s ]
INFO: [ admin_begin ] --END-- [ RunTime:0.000406s ]
SQL: SHOW COLUMNS FROM `tb_users` [ RunTime:0.0007s ]
SQL: SELECT * FROM `tb_users` WHERE `id` = '1' LIMIT 1   [ RunTime:0.0002s ]
NOTIC: D方法实例化没找到模型类Common\Model\ActivityModel
SQL: SHOW COLUMNS FROM `tb_activity` [ RunTime:0.0004s ]
SQL: SHOW COLUMNS FROM `tb_activity` [ RunTime:0.0004s ]
SQL: SELECT COUNT(*) AS tp_count FROM `tb_activity` LIMIT 1   [ RunTime:0.0001s ]
SQL: SELECT * FROM `tb_activity` LIMIT 0,10   [ RunTime:0.0001s ]
SQL: SHOW COLUMNS FROM `tb_options` [ RunTime:0.0004s ]
SQL: SELECT `option_value` FROM `tb_options` WHERE `option_name` = 'cdn_settings' LIMIT 1   [ RunTime:0.0001s ]
INFO: [ view_parse ] --START--
INFO: [ template_filter ] --START--
INFO: Run Behavior\ContentReplaceBehavior [ RunTime:0.000052s ]
INFO: [ template_filter ] --END-- [ RunTime:0.000090s ]
NOTIC: [8] Use of undefined constant hd_recommend - assumed 'hd_recommend' /www/web/hb_pro_youzewang_com/public_html/data/runtime/Cache/Admin/d2fc0f9b5e82fbf6a342e4d9b55a818e.php 第 84 行.
NOTIC: [8] Use of undefined constant hd_recommend - assumed 'hd_recommend' /www/web/hb_pro_youzewang_com/public_html/data/runtime/Cache/Admin/d2fc0f9b5e82fbf6a342e4d9b55a818e.php 第 84 行.
NOTIC: [8] Use of undefined constant hd_recommend - assumed 'hd_recommend' /www/web/hb_pro_youzewang_com/public_html/data/runtime/Cache/Admin/d2fc0f9b5e82fbf6a342e4d9b55a818e.php 第 84 行.
NOTIC: [8] Use of undefined constant hd_recommend - assumed 'hd_recommend' /www/web/hb_pro_youzewang_com/public_html/data/runtime/Cache/Admin/d2fc0f9b5e82fbf6a342e4d9b55a818e.php 第 84 行.
NOTIC: [8] Use of undefined constant hd_recommend - assumed 'hd_recommend' /www/web/hb_pro_youzewang_com/public_html/data/runtime/Cache/Admin/d2fc0f9b5e82fbf6a342e4d9b55a818e.php 第 84 行.
NOTIC: [8] Use of undefined constant hd_recommend - assumed 'hd_recommend' /www/web/hb_pro_youzewang_com/public_html/data/runtime/Cache/Admin/d2fc0f9b5e82fbf6a342e4d9b55a818e.php 第 84 行.
NOTIC: [8] Use of undefined constant hd_recommend - assumed 'hd_recommend' /www/web/hb_pro_youzewang_com/public_html/data/runtime/Cache/Admin/d2fc0f9b5e82fbf6a342e4d9b55a818e.php 第 84 行.
NOTIC: [8] Use of undefined constant hd_recommend - assumed 'hd_recommend' /www/web/hb_pro_youzewang_com/public_html/data/runtime/Cache/Admin/d2fc0f9b5e82fbf6a342e4d9b55a818e.php 第 84 行.
INFO: Run Behavior\ParseTemplateBehavior [ RunTime:0.008768s ]
INFO: [ view_parse ] --END-- [ RunTime:0.008802s ]
INFO: [ view_filter ] --START--
INFO: Run Behavior\WriteHtmlCacheBehavior [ RunTime:0.000122s ]
INFO: Run Common\Behavior\TmplStripSpaceBehavior [ RunTime:0.000090s ]
INFO: [ view_filter ] --END-- [ RunTime:0.000254s ]
INFO: [ app_end ] --START--
INFO: Run Behavior\ShowPageTraceBehavior [ RunTime:0.000364s ]
INFO: [ app_end ] --END-- [ RunTime:0.000395s ]

[ 2018-01-27T18:00:50+08:00 ] 36.63.94.35 /index.php?g=Admin&m=activity&a=edit&id=1
INFO: [ app_init ] --START--
INFO: Run Behavior\BuildLiteBehavior [ RunTime:0.000014s ]
INFO: Run Common\Behavior\InitHookBehavior [ RunTime:0.000787s ]
INFO: [ app_init ] --END-- [ RunTime:0.001051s ]
INFO: [ app_begin ] --START--
INFO: Run Behavior\ReadHtmlCacheBehavior [ RunTime:0.000298s ]
INFO: Run Behavior\CheckLangBehavior [ RunTime:0.000396s ]
INFO: Run Common\Behavior\UrldecodeGetBehavior [ RunTime:0.000106s ]
INFO: [ app_begin ] --END-- [ RunTime:0.000883s ]
INFO: [ admin_begin ] --START--
INFO: Run Common\Behavior\AdminDefaultLangBehavior [ RunTime:0.000516s ]
INFO: [ admin_begin ] --END-- [ RunTime:0.000562s ]
SQL: SHOW COLUMNS FROM `tb_users` [ RunTime:0.0007s ]
SQL: SELECT * FROM `tb_users` WHERE `id` = '1' LIMIT 1   [ RunTime:0.0002s ]
NOTIC: D方法实例化没找到模型类Common\Model\ActivityModel
SQL: SHOW COLUMNS FROM `tb_activity` [ RunTime:0.0004s ]
SQL: SELECT * FROM `tb_activity` WHERE `hd_id` = 1 LIMIT 1   [ RunTime:0.0002s ]
SQL: SHOW COLUMNS FROM `tb_options` [ RunTime:0.0004s ]
SQL: SELECT `option_value` FROM `tb_options` WHERE `option_name` = 'cdn_settings' LIMIT 1   [ RunTime:0.0001s ]
INFO: [ view_parse ] --START--
INFO: [ template_filter ] --START--
INFO: Run Behavior\ContentReplaceBehavior [ RunTime:0.000073s ]
INFO: [ template_filter ] --END-- [ RunTime:0.000111s ]
NOTIC: [8] Undefined variable: hd_img_url /www/web/hb_pro_youzewang_com/public_html/data/runtime/Cache/Admin/498d746d279e4975ff4ea491841fbe67.php 第 87 行.
INFO: Run Behavior\ParseTemplateBehavior [ RunTime:0.006480s ]
INFO: [ view_parse ] --END-- [ RunTime:0.006510s ]
INFO: [ view_filter ] --START--
INFO: Run Behavior\WriteHtmlCacheBehavior [ RunTime:0.000128s ]
INFO: Run Common\Behavior\TmplStripSpaceBehavior [ RunTime:0.000089s ]
INFO: [ view_filter ] --END-- [ RunTime:0.000260s ]
INFO: [ app_end ] --START--
INFO: Run Behavior\ShowPageTraceBehavior [ RunTime:0.000350s ]
INFO: [ app_end ] --END-- [ RunTime:0.000385s ]

