[ 2018-01-03T20:25:10+08:00 ] 127.0.0.1 /index.php?g=Admin&m=Xingqu&a=index
ERR: 无法加载控制器:Xingqu

[ 2018-01-03T20:25:12+08:00 ] 127.0.0.1 /index.php?g=Admin&m=Xingqu&a=defau
ERR: 无法加载控制器:Xingqu

[ 2018-01-03T20:25:24+08:00 ] 127.0.0.1 /index.php?g=Admin&m=Menu&a=index
NOTIC: D方法实例化没找到模型类Common\Model\AuthRuleModel

[ 2018-01-03T20:26:45+08:00 ] 127.0.0.1 /index.php?g=Admin&m=nav&a=edit_post
INFO: [ app_begin ] --START--
INFO: Run Behavior\ReadHtmlCacheBehavior [ RunTime:0.000788s ]
INFO: Run Behavior\CheckLangBehavior [ RunTime:0.001713s ]
INFO: Run Common\Behavior\UrldecodeGetBehavior [ RunTime:0.000471s ]
INFO: [ app_begin ] --END-- [ RunTime:0.003468s ]
INFO: [ admin_begin ] --START--
INFO: Run Common\Behavior\AdminDefaultLangBehavior [ RunTime:0.001164s ]
INFO: [ admin_begin ] --END-- [ RunTime:0.001199s ]
SQL: SHOW COLUMNS FROM `tb_users` [ RunTime:0.0186s ]
SQL: SELECT * FROM `tb_users` WHERE `id` = '1' LIMIT 1   [ RunTime:0.0177s ]
SQL: SHOW COLUMNS FROM `tb_nav` [ RunTime:0.0179s ]
SQL: SHOW COLUMNS FROM `tb_nav_cat` [ RunTime:0.0182s ]
NOTIC: [8] Undefined index: validate D:\phpStudy\WWW\oulanzhi\public_html\simplewind\Core\Library\Think\Model.class.php 第 1185 行.
NOTIC: [8] Undefined index: auto D:\phpStudy\WWW\oulanzhi\public_html\simplewind\Core\Library\Think\Model.class.php 第 1128 行.
SQL: UPDATE `tb_nav` SET `cid`='1',`parentid`='0',`label`='列表演示',`href`='a:2:{s:6:\"action\";s:17:\"Portal/List/index\";s:5:\"param\";a:1:{s:2:\"id\";s:1:\"3\";}}',`target`='',`icon`='',`status`='1',`path`='0-2' WHERE `id` = 2 [ RunTime:0.0179s ]

[ 2018-01-03T20:37:56+08:00 ] 127.0.0.1 /index.php?g=Admin&m=plugin&a=install&name=Comment
INFO: [ app_begin ] --START--
INFO: Run Behavior\ReadHtmlCacheBehavior [ RunTime:0.000460s ]
INFO: Run Behavior\CheckLangBehavior [ RunTime:0.001451s ]
INFO: Run Common\Behavior\UrldecodeGetBehavior [ RunTime:0.000281s ]
INFO: [ app_begin ] --END-- [ RunTime:0.002533s ]
INFO: [ admin_begin ] --START--
INFO: Run Common\Behavior\AdminDefaultLangBehavior [ RunTime:0.002509s ]
INFO: [ admin_begin ] --END-- [ RunTime:0.002656s ]
SQL: SHOW COLUMNS FROM `tb_users` [ RunTime:0.0182s ]
SQL: SELECT * FROM `tb_users` WHERE `id` = '1' LIMIT 1   [ RunTime:0.0175s ]
SQL: SHOW COLUMNS FROM `tb_plugins` [ RunTime:0.0182s ]
SQL: SHOW COLUMNS FROM `tb_plugins` [ RunTime:0.0178s ]
SQL: SELECT `config` FROM `tb_plugins` WHERE `name` = 'Comment' LIMIT 1   [ RunTime:0.0171s ]
NOTIC: [2] include(): Filename cannot be empty D:\phpStudy\WWW\oulanzhi\public_html\application\Common\Lib\Plugin.class.php 第 165 行.
NOTIC: [2] include(): Failed opening '' for inclusion (include_path='.;C:\php\pear') D:\phpStudy\WWW\oulanzhi\public_html\application\Common\Lib\Plugin.class.php 第 165 行.
NOTIC: [8] Undefined index: theme D:\phpStudy\WWW\oulanzhi\public_html\application\Common\Lib\Plugin.class.php 第 67 行.
NOTIC: [8] Undefined index: validate D:\phpStudy\WWW\oulanzhi\public_html\simplewind\Core\Library\Think\Model.class.php 第 1185 行.
NOTIC: [8] Undefined index: auto D:\phpStudy\WWW\oulanzhi\public_html\simplewind\Core\Library\Think\Model.class.php 第 1128 行.
SQL: INSERT INTO `tb_plugins` (`name`,`title`,`description`,`status`,`author`,`version`,`hooks`,`has_admin`,`config`) VALUES ('Comment','系统评论插件','系统评论插件','1','ThinkCMF','1.0','comment','0','[]') [ RunTime:0.0177s ]

