[ 2018-01-24T09:31:54+08:00 ] 36.63.95.30 /index.php?g=user&m=index&a=is_login
INFO: [ app_init ] --START--
INFO: Run Behavior\BuildLiteBehavior [ RunTime:0.000012s ]
INFO: Run Common\Behavior\InitHookBehavior [ RunTime:0.000902s ]
INFO: [ app_init ] --END-- [ RunTime:0.001157s ]
INFO: [ app_begin ] --START--
INFO: Run Behavior\ReadHtmlCacheBehavior [ RunTime:0.000316s ]
INFO: Run Behavior\CheckLangBehavior [ RunTime:0.000395s ]
INFO: Run Common\Behavior\UrldecodeGetBehavior [ RunTime:0.000088s ]
INFO: [ app_begin ] --END-- [ RunTime:0.000888s ]
NOTIC: [8] Undefined index: url /www/web/hb_pro_youzewang_com/public_html/application/Common/Controller/AppframeController.class.php 第 22 行.

[ 2018-01-24T11:09:27+08:00 ] 36.63.93.67 /index.php?g=user&m=login&a=index&redirecturl=https://hb.pro.youzewang.com/index.php/Portal/Gather/index/?media=http%3A%2F%2Fwww.oulanzhi.com%2Findex.php%3Fg%3D%26m%3DIndex%26a%3DimgCollect%26id%3D186&w=259&h=313&description=%E6%AC%A7%E5%85%B0%E8%8A%9D&url=http%3A%2F%2Fwww.oulanzhi.com%2Findex.php%3Fg%3D%26m%3DArticle%26a%3Dposts%26pid%3D186&via=2&
INFO: [ app_init ] --START--
INFO: Run Behavior\BuildLiteBehavior [ RunTime:0.000014s ]
INFO: Run Common\Behavior\InitHookBehavior [ RunTime:0.000837s ]
INFO: [ app_init ] --END-- [ RunTime:0.001101s ]
INFO: [ app_begin ] --START--
INFO: Run Behavior\ReadHtmlCacheBehavior [ RunTime:0.000349s ]
INFO: Run Behavior\CheckLangBehavior [ RunTime:0.000348s ]
INFO: Run Common\Behavior\UrldecodeGetBehavior [ RunTime:0.000100s ]
INFO: [ app_begin ] --END-- [ RunTime:0.000880s ]
NOTIC: [8] Undefined index: params /www/web/hb_pro_youzewang_com/public_html/application/User/Controller/LoginController.class.php 第 21 行.
SQL: SHOW COLUMNS FROM `tb_options` [ RunTime:0.0006s ]
SQL: SELECT `option_value` FROM `tb_options` WHERE `option_name` = 'cdn_settings' LIMIT 1   [ RunTime:0.0001s ]
INFO: [ view_parse ] --START--
INFO: [ template_filter ] --START--
INFO: Run Behavior\ContentReplaceBehavior [ RunTime:0.000091s ]
INFO: [ template_filter ] --END-- [ RunTime:0.000156s ]
INFO: Run Behavior\ParseTemplateBehavior [ RunTime:0.009818s ]
INFO: [ view_parse ] --END-- [ RunTime:0.009873s ]
INFO: [ view_filter ] --START--
INFO: Run Behavior\WriteHtmlCacheBehavior [ RunTime:0.000151s ]
INFO: Run Common\Behavior\TmplStripSpaceBehavior [ RunTime:0.000149s ]
INFO: [ view_filter ] --END-- [ RunTime:0.000376s ]
INFO: [ app_end ] --START--
INFO: Run Behavior\ShowPageTraceBehavior [ RunTime:0.000495s ]
INFO: [ app_end ] --END-- [ RunTime:0.000544s ]

[ 2018-01-24T11:09:28+08:00 ] 36.63.93.67 /index.php?g=user&m=index&a=is_login
INFO: [ app_init ] --START--
INFO: Run Behavior\BuildLiteBehavior [ RunTime:0.000015s ]
INFO: Run Common\Behavior\InitHookBehavior [ RunTime:0.000859s ]
INFO: [ app_init ] --END-- [ RunTime:0.001119s ]
INFO: [ app_begin ] --START--
INFO: Run Behavior\ReadHtmlCacheBehavior [ RunTime:0.000376s ]
INFO: Run Behavior\CheckLangBehavior [ RunTime:0.000331s ]
INFO: Run Common\Behavior\UrldecodeGetBehavior [ RunTime:0.000087s ]
INFO: [ app_begin ] --END-- [ RunTime:0.000870s ]
NOTIC: [8] Undefined index: url /www/web/hb_pro_youzewang_com/public_html/application/Common/Controller/AppframeController.class.php 第 22 行.

[ 2018-01-24T17:22:12+08:00 ] 112.64.124.135 /index.php?g=user&m=index&a=is_login
INFO: [ app_init ] --START--
INFO: Run Behavior\BuildLiteBehavior [ RunTime:0.000013s ]
INFO: Run Common\Behavior\InitHookBehavior [ RunTime:0.000811s ]
INFO: [ app_init ] --END-- [ RunTime:0.001077s ]
INFO: [ app_begin ] --START--
INFO: Run Behavior\ReadHtmlCacheBehavior [ RunTime:0.000294s ]
INFO: Run Behavior\CheckLangBehavior [ RunTime:0.000310s ]
INFO: Run Common\Behavior\UrldecodeGetBehavior [ RunTime:0.000106s ]
INFO: [ app_begin ] --END-- [ RunTime:0.000788s ]
NOTIC: [8] Undefined index: url /www/web/hb_pro_youzewang_com/public_html/application/Common/Controller/AppframeController.class.php 第 22 行.

[ 2018-01-24T17:22:50+08:00 ] 112.64.124.135 /index.php?g=user&m=index&a=is_login
INFO: [ app_init ] --START--
INFO: Run Behavior\BuildLiteBehavior [ RunTime:0.000012s ]
INFO: Run Common\Behavior\InitHookBehavior [ RunTime:0.000801s ]
INFO: [ app_init ] --END-- [ RunTime:0.001068s ]
INFO: [ app_begin ] --START--
INFO: Run Behavior\ReadHtmlCacheBehavior [ RunTime:0.000317s ]
INFO: Run Behavior\CheckLangBehavior [ RunTime:0.000321s ]
INFO: Run Common\Behavior\UrldecodeGetBehavior [ RunTime:0.000091s ]
INFO: [ app_begin ] --END-- [ RunTime:0.000815s ]
NOTIC: [8] Undefined index: url /www/web/hb_pro_youzewang_com/public_html/application/Common/Controller/AppframeController.class.php 第 22 行.

[ 2018-01-24T17:25:11+08:00 ] 112.64.124.135 /index.php?g=user&m=login&a=index&redirecturl=https://hb.pro.youzewang.com/index.php/Portal/Gather/index/?media=http%3A%2F%2Fg1.dfcfw.com%2Fg3%2F201801%2F20180122151534.jpg&w=1000&h=450&description=%E4%B8%9C%E6%96%B9%E8%B4%A2%E5%AF%8C%E7%BD%91%EF%BC%9A%E4%B8%AD%E5%9B%BD%E8%B4%A2%E7%BB%8F%E9%97%A8%E6%88%B7%EF%BC%8C%E6%8F%90%E4%BE%9B%E4%B8%93%E4%B8%9A%E7%9A%84%E8%B4%A2%E7%BB%8F%E3%80%81%E8%82%A1%E7%A5%A8%E3%80%81%E8%A1%8C%E6%83%85%E3%80%81%E8%AF%81%E5%88%B8%E3%80%81%E5%9F%BA%E9%87%91%E3%80%81%E7%90%86%E8%B4%A2%E3%80%81%E9%93%B6%E8%A1%8C%E3%80%81%E4%BF%9D%E9%99%A9%E3%80%81%E4%BF%A1%E6%89%98%E3%80%81%E6%9C%9F%E8%B4%A7%E3%80%81%E9%BB%84%E9%87%91%E3%80%81%E8%82%A1%E5%90%A7%E3%80%81%E5%8D%9A%E5%AE%A2%E7%AD%89%E5%90%84%E7%B1%BB%E8%B4%A2%E7%BB%8F%E8%B5%84%E8%AE%AF%E5%8F%8A%E6%95%B0%E6%8D%AE&url=http%3A%2F%2Fsame.eastmoney.com%2Fc%3Fz%3Deastmoney%26la%3D0%26si%3D1%26cg%3D97%26c%3D1346%26ci%3D1%26or%3D47%26l%3D13778%26bg%3D13778%26b%3D16260%26u%3Dhttps%3A%2F%2Fregister.1234567.com.cn%2Freg%2Fstep1%3Fspm%3D100015.b.101&via=2&
INFO: [ app_init ] --START--
INFO: Run Behavior\BuildLiteBehavior [ RunTime:0.000013s ]
INFO: Run Common\Behavior\InitHookBehavior [ RunTime:0.000822s ]
INFO: [ app_init ] --END-- [ RunTime:0.001095s ]
INFO: [ app_begin ] --START--
INFO: Run Behavior\ReadHtmlCacheBehavior [ RunTime:0.000331s ]
INFO: Run Behavior\CheckLangBehavior [ RunTime:0.000357s ]
INFO: Run Common\Behavior\UrldecodeGetBehavior [ RunTime:0.000099s ]
INFO: [ app_begin ] --END-- [ RunTime:0.000867s ]
NOTIC: [8] Undefined index: HTTP_REFERER /www/web/hb_pro_youzewang_com/public_html/application/User/Controller/LoginController.class.php 第 14 行.
NOTIC: [8] Undefined index: params /www/web/hb_pro_youzewang_com/public_html/application/User/Controller/LoginController.class.php 第 21 行.
SQL: SHOW COLUMNS FROM `tb_options` [ RunTime:0.0006s ]
SQL: SELECT `option_value` FROM `tb_options` WHERE `option_name` = 'cdn_settings' LIMIT 1   [ RunTime:0.0001s ]
INFO: [ view_parse ] --START--
INFO: [ template_filter ] --START--
INFO: Run Behavior\ContentReplaceBehavior [ RunTime:0.000075s ]
INFO: [ template_filter ] --END-- [ RunTime:0.000119s ]
INFO: Run Behavior\ParseTemplateBehavior [ RunTime:0.006191s ]
INFO: [ view_parse ] --END-- [ RunTime:0.006230s ]
INFO: [ view_filter ] --START--
INFO: Run Behavior\WriteHtmlCacheBehavior [ RunTime:0.000128s ]
INFO: Run Common\Behavior\TmplStripSpaceBehavior [ RunTime:0.000091s ]
INFO: [ view_filter ] --END-- [ RunTime:0.000270s ]
INFO: [ app_end ] --START--
INFO: Run Behavior\ShowPageTraceBehavior [ RunTime:0.000365s ]
INFO: [ app_end ] --END-- [ RunTime:0.000410s ]

[ 2018-01-24T17:25:11+08:00 ] 112.64.124.135 /index.php?g=user&m=index&a=is_login
INFO: [ app_init ] --START--
INFO: Run Behavior\BuildLiteBehavior [ RunTime:0.000015s ]
INFO: Run Common\Behavior\InitHookBehavior [ RunTime:0.000776s ]
INFO: [ app_init ] --END-- [ RunTime:0.001096s ]
INFO: [ app_begin ] --START--
INFO: Run Behavior\ReadHtmlCacheBehavior [ RunTime:0.000294s ]
INFO: Run Behavior\CheckLangBehavior [ RunTime:0.000310s ]
INFO: Run Common\Behavior\UrldecodeGetBehavior [ RunTime:0.000082s ]
INFO: [ app_begin ] --END-- [ RunTime:0.000763s ]
NOTIC: [8] Undefined index: url /www/web/hb_pro_youzewang_com/public_html/application/Common/Controller/AppframeController.class.php 第 22 行.

[ 2018-01-24T17:25:53+08:00 ] 112.64.124.135 /index.php?g=user&m=login&a=dologin
INFO: [ app_init ] --START--
INFO: Run Behavior\BuildLiteBehavior [ RunTime:0.000014s ]
INFO: Run Common\Behavior\InitHookBehavior [ RunTime:0.000854s ]
INFO: [ app_init ] --END-- [ RunTime:0.001109s ]
INFO: [ app_begin ] --START--
INFO: Run Behavior\ReadHtmlCacheBehavior [ RunTime:0.000327s ]
INFO: Run Behavior\CheckLangBehavior [ RunTime:0.000314s ]
INFO: Run Common\Behavior\UrldecodeGetBehavior [ RunTime:0.000083s ]
INFO: [ app_begin ] --END-- [ RunTime:0.000813s ]
SQL: SHOW COLUMNS FROM `tb_users` [ RunTime:0.0007s ]
NOTIC: [8] Undefined index: auto /www/web/hb_pro_youzewang_com/public_html/simplewind/Core/Library/Think/Model.class.php 第 1128 行.
SQL: SELECT * FROM `tb_users` WHERE `user_status` = 1 AND `user_email` = '599091685@qq.com' LIMIT 1   [ RunTime:0.0003s ]
SQL: UPDATE `tb_users` SET `last_login_time`='2018-01-24 17:25:53',`last_login_ip`='112.64.124.135' WHERE ( id=5 ) [ RunTime:0.0002s ]
INFO: [ app_end ] --START--
INFO: Run Behavior\ShowPageTraceBehavior [ RunTime:0.000393s ]
INFO: [ app_end ] --END-- [ RunTime:0.000431s ]

[ 2018-01-24T17:25:55+08:00 ] 112.64.124.135 /index.php?g=user&m=index&a=is_login
INFO: [ app_init ] --START--
INFO: Run Behavior\BuildLiteBehavior [ RunTime:0.000014s ]
INFO: Run Common\Behavior\InitHookBehavior [ RunTime:0.000746s ]
INFO: [ app_init ] --END-- [ RunTime:0.001022s ]
INFO: [ app_begin ] --START--
INFO: Run Behavior\ReadHtmlCacheBehavior [ RunTime:0.000314s ]
INFO: Run Behavior\CheckLangBehavior [ RunTime:0.000312s ]
INFO: Run Common\Behavior\UrldecodeGetBehavior [ RunTime:0.000081s ]
INFO: [ app_begin ] --END-- [ RunTime:0.000784s ]
NOTIC: [8] Undefined index: url /www/web/hb_pro_youzewang_com/public_html/application/Common/Controller/AppframeController.class.php 第 22 行.

[ 2018-01-24T17:26:07+08:00 ] 112.64.124.135 /index.php?g=user&m=index&a=is_login
INFO: [ app_init ] --START--
INFO: Run Behavior\BuildLiteBehavior [ RunTime:0.000016s ]
INFO: Run Common\Behavior\InitHookBehavior [ RunTime:0.000830s ]
INFO: [ app_init ] --END-- [ RunTime:0.001153s ]
INFO: [ app_begin ] --START--
INFO: Run Behavior\ReadHtmlCacheBehavior [ RunTime:0.000304s ]
INFO: Run Behavior\CheckLangBehavior [ RunTime:0.000337s ]
INFO: Run Common\Behavior\UrldecodeGetBehavior [ RunTime:0.000089s ]
INFO: [ app_begin ] --END-- [ RunTime:0.000824s ]
NOTIC: [8] Undefined index: url /www/web/hb_pro_youzewang_com/public_html/application/Common/Controller/AppframeController.class.php 第 22 行.

[ 2018-01-24T18:44:07+08:00 ] 36.63.93.67 /index.php?g=user&m=login&a=index&redirecturl=https://hb.pro.youzewang.com/index.php/Portal/Gather/index/?media=http%3A%2F%2Fwww.oulanzhi.com%2Findex.php%3Fg%3DPortal%26m%3Dindex%26a%3DimgCollect%26id%3D187&w=259&h=313&description=%E6%AC%A7%E5%85%B0%E8%8A%9D&url=http%3A%2F%2Fwww.oulanzhi.com%2Findex.php%3Fg%3D%26m%3DArticle%26a%3Dposts%26pid%3D187&via=2&
INFO: [ app_init ] --START--
INFO: Run Behavior\BuildLiteBehavior [ RunTime:0.000014s ]
INFO: Run Common\Behavior\InitHookBehavior [ RunTime:0.000797s ]
INFO: [ app_init ] --END-- [ RunTime:0.001060s ]
INFO: [ app_begin ] --START--
INFO: Run Behavior\ReadHtmlCacheBehavior [ RunTime:0.000341s ]
INFO: Run Behavior\CheckLangBehavior [ RunTime:0.000349s ]
INFO: Run Common\Behavior\UrldecodeGetBehavior [ RunTime:0.000101s ]
INFO: [ app_begin ] --END-- [ RunTime:0.000883s ]
NOTIC: [8] Undefined index: params /www/web/hb_pro_youzewang_com/public_html/application/User/Controller/LoginController.class.php 第 21 行.
SQL: SHOW COLUMNS FROM `tb_options` [ RunTime:0.0005s ]
SQL: SELECT `option_value` FROM `tb_options` WHERE `option_name` = 'cdn_settings' LIMIT 1   [ RunTime:0.0001s ]
INFO: [ view_parse ] --START--
INFO: [ template_filter ] --START--
INFO: Run Behavior\ContentReplaceBehavior [ RunTime:0.000083s ]
INFO: [ template_filter ] --END-- [ RunTime:0.000125s ]
INFO: Run Behavior\ParseTemplateBehavior [ RunTime:0.006158s ]
INFO: [ view_parse ] --END-- [ RunTime:0.006204s ]
INFO: [ view_filter ] --START--
INFO: Run Behavior\WriteHtmlCacheBehavior [ RunTime:0.000130s ]
INFO: Run Common\Behavior\TmplStripSpaceBehavior [ RunTime:0.000092s ]
INFO: [ view_filter ] --END-- [ RunTime:0.000275s ]
INFO: [ app_end ] --START--
INFO: Run Behavior\ShowPageTraceBehavior [ RunTime:0.000333s ]
INFO: [ app_end ] --END-- [ RunTime:0.000365s ]

[ 2018-01-24T18:44:08+08:00 ] 36.63.93.67 /index.php?g=user&m=index&a=is_login
INFO: [ app_init ] --START--
INFO: Run Behavior\BuildLiteBehavior [ RunTime:0.000015s ]
INFO: Run Common\Behavior\InitHookBehavior [ RunTime:0.000789s ]
INFO: [ app_init ] --END-- [ RunTime:0.001044s ]
INFO: [ app_begin ] --START--
INFO: Run Behavior\ReadHtmlCacheBehavior [ RunTime:0.000299s ]
INFO: Run Behavior\CheckLangBehavior [ RunTime:0.000331s ]
INFO: Run Common\Behavior\UrldecodeGetBehavior [ RunTime:0.000085s ]
INFO: [ app_begin ] --END-- [ RunTime:0.000804s ]
NOTIC: [8] Undefined index: url /www/web/hb_pro_youzewang_com/public_html/application/Common/Controller/AppframeController.class.php 第 22 行.

[ 2018-01-24T20:18:27+08:00 ] 36.63.93.67 /index.php?g=user&m=index&a=is_login
INFO: [ app_init ] --START--
INFO: Run Behavior\BuildLiteBehavior [ RunTime:0.000013s ]
INFO: Run Common\Behavior\InitHookBehavior [ RunTime:0.000910s ]
INFO: [ app_init ] --END-- [ RunTime:0.001189s ]
INFO: [ app_begin ] --START--
INFO: Run Behavior\ReadHtmlCacheBehavior [ RunTime:0.000301s ]
INFO: Run Behavior\CheckLangBehavior [ RunTime:0.000348s ]
INFO: Run Common\Behavior\UrldecodeGetBehavior [ RunTime:0.000084s ]
INFO: [ app_begin ] --END-- [ RunTime:0.000814s ]
NOTIC: [8] Undefined index: url /www/web/hb_pro_youzewang_com/public_html/application/Common/Controller/AppframeController.class.php 第 22 行.

[ 2018-01-24T20:18:28+08:00 ] 36.63.93.67 /index.php?g=user&m=public&a=avatar&id=5
INFO: [ app_init ] --START--
INFO: Run Behavior\BuildLiteBehavior [ RunTime:0.000013s ]
INFO: Run Common\Behavior\InitHookBehavior [ RunTime:0.000814s ]
INFO: [ app_init ] --END-- [ RunTime:0.001133s ]
INFO: [ app_begin ] --START--
INFO: Run Behavior\ReadHtmlCacheBehavior [ RunTime:0.000310s ]
INFO: Run Behavior\CheckLangBehavior [ RunTime:0.000321s ]
INFO: Run Common\Behavior\UrldecodeGetBehavior [ RunTime:0.000126s ]
INFO: [ app_begin ] --END-- [ RunTime:0.000848s ]
SQL: SHOW COLUMNS FROM `tb_users` [ RunTime:0.0007s ]
SQL: SELECT `avatar` FROM `tb_users` WHERE `id` = 5 LIMIT 1   [ RunTime:0.0001s ]

[ 2018-01-24T20:18:30+08:00 ] 36.63.93.67 /index.php?g=user&m=public&a=avatar&id=2
INFO: [ app_init ] --START--
INFO: Run Behavior\BuildLiteBehavior [ RunTime:0.000015s ]
INFO: Run Common\Behavior\InitHookBehavior [ RunTime:0.000856s ]
INFO: [ app_init ] --END-- [ RunTime:0.001124s ]
INFO: [ app_begin ] --START--
INFO: Run Behavior\ReadHtmlCacheBehavior [ RunTime:0.000328s ]
INFO: Run Behavior\CheckLangBehavior [ RunTime:0.000377s ]
INFO: Run Common\Behavior\UrldecodeGetBehavior [ RunTime:0.000119s ]
INFO: [ app_begin ] --END-- [ RunTime:0.000909s ]
SQL: SHOW COLUMNS FROM `tb_users` [ RunTime:0.0006s ]
SQL: SELECT `avatar` FROM `tb_users` WHERE `id` = 2 LIMIT 1   [ RunTime:0.0001s ]

[ 2018-01-24T20:18:30+08:00 ] 36.63.93.67 /index.php?g=user&m=public&a=avatar&id=1
INFO: [ app_init ] --START--
INFO: Run Behavior\BuildLiteBehavior [ RunTime:0.000022s ]
INFO: Run Common\Behavior\InitHookBehavior [ RunTime:0.001290s ]
INFO: [ app_init ] --END-- [ RunTime:0.001729s ]
INFO: [ app_begin ] --START--
INFO: Run Behavior\ReadHtmlCacheBehavior [ RunTime:0.000516s ]
INFO: Run Behavior\CheckLangBehavior [ RunTime:0.000530s ]
INFO: Run Common\Behavior\UrldecodeGetBehavior [ RunTime:0.000134s ]
INFO: [ app_begin ] --END-- [ RunTime:0.001329s ]
SQL: SHOW COLUMNS FROM `tb_users` [ RunTime:0.0009s ]
SQL: SELECT `avatar` FROM `tb_users` WHERE `id` = 1 LIMIT 1   [ RunTime:0.0002s ]

[ 2018-01-24T20:18:31+08:00 ] 36.63.93.67 /index.php?g=user&m=login&a=index
INFO: [ app_init ] --START--
INFO: Run Behavior\BuildLiteBehavior [ RunTime:0.000017s ]
INFO: Run Common\Behavior\InitHookBehavior [ RunTime:0.000773s ]
INFO: [ app_init ] --END-- [ RunTime:0.001044s ]
INFO: [ app_begin ] --START--
INFO: Run Behavior\ReadHtmlCacheBehavior [ RunTime:0.000363s ]
INFO: Run Behavior\CheckLangBehavior [ RunTime:0.000307s ]
INFO: Run Common\Behavior\UrldecodeGetBehavior [ RunTime:0.000082s ]
INFO: [ app_begin ] --END-- [ RunTime:0.000830s ]
NOTIC: [8] Undefined index: params /www/web/hb_pro_youzewang_com/public_html/application/User/Controller/LoginController.class.php 第 21 行.
NOTIC: [8] Undefined index: redirecturl /www/web/hb_pro_youzewang_com/public_html/application/User/Controller/LoginController.class.php 第 22 行.
SQL: SHOW COLUMNS FROM `tb_options` [ RunTime:0.0006s ]
SQL: SELECT `option_value` FROM `tb_options` WHERE `option_name` = 'cdn_settings' LIMIT 1   [ RunTime:0.0001s ]
INFO: [ view_parse ] --START--
INFO: [ template_filter ] --START--
INFO: Run Behavior\ContentReplaceBehavior [ RunTime:0.000067s ]
INFO: [ template_filter ] --END-- [ RunTime:0.000117s ]
INFO: Run Behavior\ParseTemplateBehavior [ RunTime:0.006606s ]
INFO: [ view_parse ] --END-- [ RunTime:0.006645s ]
INFO: [ view_filter ] --START--
INFO: Run Behavior\WriteHtmlCacheBehavior [ RunTime:0.000102s ]
INFO: Run Common\Behavior\TmplStripSpaceBehavior [ RunTime:0.000108s ]
INFO: [ view_filter ] --END-- [ RunTime:0.000261s ]
INFO: [ app_end ] --START--
INFO: Run Behavior\ShowPageTraceBehavior [ RunTime:0.000343s ]
INFO: [ app_end ] --END-- [ RunTime:0.000391s ]

[ 2018-01-24T20:18:31+08:00 ] 36.63.93.67 /index.php?g=user&m=index&a=is_login
INFO: [ app_init ] --START--
INFO: Run Behavior\BuildLiteBehavior [ RunTime:0.000014s ]
INFO: Run Common\Behavior\InitHookBehavior [ RunTime:0.000779s ]
INFO: [ app_init ] --END-- [ RunTime:0.001030s ]
INFO: [ app_begin ] --START--
INFO: Run Behavior\ReadHtmlCacheBehavior [ RunTime:0.000359s ]
INFO: Run Behavior\CheckLangBehavior [ RunTime:0.000334s ]
INFO: Run Common\Behavior\UrldecodeGetBehavior [ RunTime:0.000082s ]
INFO: [ app_begin ] --END-- [ RunTime:0.000855s ]
NOTIC: [8] Undefined index: url /www/web/hb_pro_youzewang_com/public_html/application/Common/Controller/AppframeController.class.php 第 22 行.

[ 2018-01-24T20:18:40+08:00 ] 36.63.93.67 /index.php?g=user&m=login&a=dologin
INFO: [ app_init ] --START--
INFO: Run Behavior\BuildLiteBehavior [ RunTime:0.000015s ]
INFO: Run Common\Behavior\InitHookBehavior [ RunTime:0.000840s ]
INFO: [ app_init ] --END-- [ RunTime:0.001132s ]
INFO: [ app_begin ] --START--
INFO: Run Behavior\ReadHtmlCacheBehavior [ RunTime:0.000293s ]
INFO: Run Behavior\CheckLangBehavior [ RunTime:0.000325s ]
INFO: Run Common\Behavior\UrldecodeGetBehavior [ RunTime:0.000085s ]
INFO: [ app_begin ] --END-- [ RunTime:0.000780s ]
SQL: SHOW COLUMNS FROM `tb_users` [ RunTime:0.0007s ]
NOTIC: [8] Undefined index: auto /www/web/hb_pro_youzewang_com/public_html/simplewind/Core/Library/Think/Model.class.php 第 1128 行.
SQL: SELECT * FROM `tb_users` WHERE `user_status` = 1 AND `user_email` = '599091685@qq.com' LIMIT 1   [ RunTime:0.0003s ]
SQL: UPDATE `tb_users` SET `last_login_time`='2018-01-24 20:18:40',`last_login_ip`='36.63.93.67' WHERE ( id=5 ) [ RunTime:0.0004s ]

[ 2018-01-24T20:18:42+08:00 ] 36.63.93.67 /index.php?g=user&m=index&a=is_login
INFO: [ app_init ] --START--
INFO: Run Behavior\BuildLiteBehavior [ RunTime:0.000014s ]
INFO: Run Common\Behavior\InitHookBehavior [ RunTime:0.000792s ]
INFO: [ app_init ] --END-- [ RunTime:0.001061s ]
INFO: [ app_begin ] --START--
INFO: Run Behavior\ReadHtmlCacheBehavior [ RunTime:0.000302s ]
INFO: Run Behavior\CheckLangBehavior [ RunTime:0.000391s ]
INFO: Run Common\Behavior\UrldecodeGetBehavior [ RunTime:0.000119s ]
INFO: [ app_begin ] --END-- [ RunTime:0.000891s ]
NOTIC: [8] Undefined index: url /www/web/hb_pro_youzewang_com/public_html/application/Common/Controller/AppframeController.class.php 第 22 行.

[ 2018-01-24T20:18:42+08:00 ] 36.63.93.67 /index.php?g=user&m=public&a=avatar&id=5
INFO: [ app_init ] --START--
INFO: Run Behavior\BuildLiteBehavior [ RunTime:0.000013s ]
INFO: Run Common\Behavior\InitHookBehavior [ RunTime:0.000764s ]
INFO: [ app_init ] --END-- [ RunTime:0.001037s ]
INFO: [ app_begin ] --START--
INFO: Run Behavior\ReadHtmlCacheBehavior [ RunTime:0.000311s ]
INFO: Run Behavior\CheckLangBehavior [ RunTime:0.000313s ]
INFO: Run Common\Behavior\UrldecodeGetBehavior [ RunTime:0.000100s ]
INFO: [ app_begin ] --END-- [ RunTime:0.000814s ]
SQL: SHOW COLUMNS FROM `tb_users` [ RunTime:0.0006s ]
SQL: SELECT `avatar` FROM `tb_users` WHERE `id` = 5 LIMIT 1   [ RunTime:0.0002s ]

[ 2018-01-24T20:18:42+08:00 ] 36.63.93.67 /index.php?g=user&m=public&a=avatar&id=2
INFO: [ app_init ] --START--
INFO: Run Behavior\BuildLiteBehavior [ RunTime:0.000012s ]
INFO: Run Common\Behavior\InitHookBehavior [ RunTime:0.004038s ]
INFO: [ app_init ] --END-- [ RunTime:0.004279s ]
INFO: [ app_begin ] --START--
INFO: Run Behavior\ReadHtmlCacheBehavior [ RunTime:0.000353s ]
INFO: Run Behavior\CheckLangBehavior [ RunTime:0.000317s ]
INFO: Run Common\Behavior\UrldecodeGetBehavior [ RunTime:0.000092s ]
INFO: [ app_begin ] --END-- [ RunTime:0.000841s ]
SQL: SHOW COLUMNS FROM `tb_users` [ RunTime:0.0005s ]
SQL: SELECT `avatar` FROM `tb_users` WHERE `id` = 2 LIMIT 1   [ RunTime:0.0002s ]

[ 2018-01-24T20:18:42+08:00 ] 36.63.93.67 /index.php?g=user&m=public&a=avatar&id=1
INFO: [ app_init ] --START--
INFO: Run Behavior\BuildLiteBehavior [ RunTime:0.000015s ]
INFO: Run Common\Behavior\InitHookBehavior [ RunTime:0.000793s ]
INFO: [ app_init ] --END-- [ RunTime:0.001131s ]
INFO: [ app_begin ] --START--
INFO: Run Behavior\ReadHtmlCacheBehavior [ RunTime:0.000315s ]
INFO: Run Behavior\CheckLangBehavior [ RunTime:0.000338s ]
INFO: Run Common\Behavior\UrldecodeGetBehavior [ RunTime:0.000111s ]
INFO: [ app_begin ] --END-- [ RunTime:0.000866s ]
SQL: SHOW COLUMNS FROM `tb_users` [ RunTime:0.0005s ]
SQL: SELECT `avatar` FROM `tb_users` WHERE `id` = 1 LIMIT 1   [ RunTime:0.0002s ]

